15:58:11 **** Build of configuration Default for project MemorySystem ****
make all 
make: *** No rule to make target `all'.  Stop.
15:58:46 **** Incremental Build of configuration Default for project MemorySystem ****
make all 
make: *** No rule to make target `all'.  Stop.
15:58:50 **** Incremental Build of configuration Default for project MemorySystem ****
make all 
make: *** No rule to make target `all'.  Stop.
15:58:54 **** Incremental Build of configuration Default for project MemorySystem ****
make all 
make: *** No rule to make target `all'.  Stop.
15:59:05 **** Incremental Build of configuration Default for project MemorySystem ****
make all 
make: *** No rule to make target `all'.  Stop.
15:59:31 **** Incremental Build of configuration Default for project MemorySystem ****
make all 
make: *** No rule to make target `all'.  Stop.
16:01:14 **** Incremental Build of configuration Default for project MemorySystem ****
make all 
make: *** No rule to make target `all'.  Stop.
16:01:38 **** Incremental Build of configuration Default for project MemorySystem ****
make all 
make: Nothing to be done for `all'.
16:09:59 **** Incremental Build of configuration Default for project MemorySystem ****
make all 
make: Nothing to be done for `all'.
16:33:41 **** Build of configuration Default for project MemorySystem ****
make all 
make: *** No rule to make target `all'.  Stop.
16:39:24 **** Incremental Build of configuration Default for project MemorySystem ****
make all 
make: *** No rule to make target `all'.  Stop.
16:45:07 **** Incremental Build of configuration Default for project MemorySystem ****
make all 
g++ -c -g memorysystem.cpp
memorysystem.cpp: In function ‘int SearchPageTable(u_int_t, page_table_t*, bool*, u_int_t*)’:
memorysystem.cpp:96:15: warning: converting ‘false’ to pointer type ‘bool*’ [-Wconversion-null]
   is_page_hit = false;
               ^
g++ -g -o memorysystem memorysystem.o
16:45:12 **** Incremental Build of configuration Default for project MemorySystem ****
make all 
make: Nothing to be done for `all'.
16:47:28 **** Build of configuration Default for project MemorySystem ****
make all 
make: Nothing to be done for `all'.
16:47:45 **** Incremental Build of configuration Default for project MemorySystem ****
make all 
make: Nothing to be done for `all'.
16:47:48 **** Incremental Build of configuration Default for project MemorySystem ****
make all 
make: Nothing to be done for `all'.
16:48:51 **** Incremental Build of configuration Default for project MemorySystem ****
make all 
g++ -c -g memorysystem.cpp
memorysystem.cpp: In function ‘int SearchPageTable(u_int_t, page_table_t*, bool*, u_int_t*)’:
memorysystem.cpp:96:15: warning: converting ‘false’ to pointer type ‘bool*’ [-Wconversion-null]
   is_page_hit = false;
               ^
g++ -g -o memorysystem memorysystem.o
16:49:14 **** Incremental Build of configuration Default for project MemorySystem ****
make all 
make: Nothing to be done for `all'.
16:54:10 **** Incremental Build of configuration Default for project MemorySystem ****
make all 
make: Nothing to be done for `all'.
16:54:14 **** Incremental Build of configuration Default for project MemorySystem ****
make all 
g++ -g -o memorysystem memorysystem.o
16:54:33 **** Incremental Build of configuration Default for project MemorySystem ****
make all 
g++ -g -o MemorySystem memorysystem.o
16:54:37 **** Incremental Build of configuration Default for project MemorySystem ****
make all 
make: Nothing to be done for `all'.
16:57:30 **** Build of configuration Default for project MemorySystem ****
make all 
make: Nothing to be done for `all'.
16:57:33 **** Incremental Build of configuration Default for project MemorySystem ****
make all 
make: Nothing to be done for `all'.
16:59:43 **** Incremental Build of configuration Default for project MemorySystem ****
make all 
g++ -g -o MemorySystem memorysystem.o
17:00:34 **** Incremental Build of configuration Default for project MemorySystem ****
make all 
make: Nothing to be done for `all'.
17:01:22 **** Incremental Build of configuration Default for project MemorySystem ****
make all 
g++ -g -o Debug/MemorySystem memorysystem.o
17:02:20 **** Incremental Build of configuration Default for project MemorySystem ****
make all 
g++ -g -o Debug/MemorySystem memorysystem.o
17:02:33 **** Incremental Build of configuration Default for project MemorySystem ****
make all 
g++ -c -g memorysystem.cpp
memorysystem.cpp: In function ‘int SearchPageTable(u_int_t, page_table_t*, bool*, u_int_t*)’:
memorysystem.cpp:96:15: warning: converting ‘false’ to pointer type ‘bool*’ [-Wconversion-null]
   is_page_hit = false;
               ^
g++ -g -o Debug/MemorySystem memorysystem.o
17:07:25 **** Incremental Build of configuration Default for project MemorySystem ****
make all 
g++ -c -g memorysystem.cpp
memorysystem.cpp: In function ‘int SearchPageTable(u_int_t, page_table_t*, bool*, u_int_t*)’:
memorysystem.cpp:96:15: warning: converting ‘false’ to pointer type ‘bool*’ [-Wconversion-null]
   is_page_hit = false;
               ^
g++ -g -o Debug/MemorySystem memorysystem.o
17:07:39 **** Incremental Build of configuration Default for project MemorySystem ****
make all 
g++ -c -g memorysystem.cpp
memorysystem.cpp: In function ‘int SearchPageTable(u_int_t, page_table_t*, bool*, u_int_t*)’:
memorysystem.cpp:96:15: warning: converting ‘false’ to pointer type ‘bool*’ [-Wconversion-null]
   is_page_hit = false;
               ^
g++ -g -o Debug/MemorySystem memorysystem.o
17:09:44 **** Incremental Build of configuration Default for project MemorySystem ****
make all 
g++ -c -g memorysystem.cpp
memorysystem.cpp: In function ‘int SearchPageTable(u_int_t, page_table_t*, bool*, u_int_t*)’:
memorysystem.cpp:96:15: warning: converting ‘false’ to pointer type ‘bool*’ [-Wconversion-null]
   is_page_hit = false;
               ^
g++ -g -o Debug/MemorySystem memorysystem.o
18:31:07 **** Incremental Build of configuration Default for project MemorySystem ****
make all 
g++ -c -g memorysystem.cpp
g++ -g -o Debug/MemorySystem memorysystem.o
19:03:04 **** Incremental Build of configuration Default for project MemorySystem ****
make all 
g++ -c -g memorysystem.cpp
g++ -g -o Debug/MemorySystem memorysystem.o
19:29:42 **** Incremental Build of configuration Default for project MemorySystem ****
make all 
g++ -c -g memorysystem.cpp
memorysystem.cpp: In function ‘int main()’:
memorysystem.cpp:64:42: error: ‘ParsePageNumber’ was not declared in this scope
   SearchTLB(ParsePageNumber(logic_addr[i])), tlb, b, frames);
                                          ^
memorysystem.cpp:64:60: error: expected ‘;’ before ‘)’ token
   SearchTLB(ParsePageNumber(logic_addr[i])), tlb, b, frames);
                                                            ^
memorysystem.cpp: In function ‘int CreateTLB(tlb_t*)’:
memorysystem.cpp:71:7: error: no match for ‘operator=’ (operand types are ‘tlb_t’ and ‘tlb_t*’)
  *tlb = (tlb_t *) malloc(sizeof(tlb_t));
       ^
memorysystem.cpp:71:7: note: candidate is:
In file included from memorysystem.cpp:11:0:
memorysystem.h:32:3: note: tlb_t& tlb_t::operator=(const tlb_t&)
 } tlb_t;
   ^
memorysystem.h:32:3: note:   no known conversion for argument 1 from ‘tlb_t*’ to ‘const tlb_t&’
memorysystem.cpp: In function ‘int SearchTLB(u_int_t, tlb_t*, bool*, char**)’:
memorysystem.cpp:97:13: warning: converting ‘false’ to pointer type ‘bool*’ [-Wconversion-null]
  is_tlb_hit = false;
             ^
make: *** [memorysystem.o] Error 1
19:44:38 **** Build of configuration Default for project MemorySystem ****
make all 
g++ -c -g memorysystem.cpp
memorysystem.cpp: In function ‘int main()’:
memorysystem.cpp:64:42: error: ‘ParsePageNumber’ was not declared in this scope
   SearchTLB(ParsePageNumber(logic_addr[i])), tlb, b, frames);
                                          ^
memorysystem.cpp:64:60: error: expected ‘;’ before ‘)’ token
   SearchTLB(ParsePageNumber(logic_addr[i])), tlb, b, frames);
                                                            ^
memorysystem.cpp: In function ‘int CreateTLB(tlb_t*)’:
memorysystem.cpp:71:7: error: no match for ‘operator=’ (operand types are ‘tlb_t’ and ‘tlb_t*’)
  *tlb = (tlb_t *) malloc(sizeof(tlb_t));
       ^
memorysystem.cpp:71:7: note: candidate is:
In file included from memorysystem.cpp:11:0:
memorysystem.h:32:3: note: tlb_t& tlb_t::operator=(const tlb_t&)
 } tlb_t;
   ^
memorysystem.h:32:3: note:   no known conversion for argument 1 from ‘tlb_t*’ to ‘const tlb_t&’
make: *** [memorysystem.o] Error 1
19:46:11 **** Incremental Build of configuration Default for project MemorySystem ****
make all 
g++ -c -g memorysystem.cpp
memorysystem.cpp: In function ‘int main()’:
memorysystem.cpp:64:42: error: ‘ParsePageNumber’ was not declared in this scope
   SearchTLB(ParsePageNumber(logic_addr[i]), tlb, b, frames);
                                          ^
make: *** [memorysystem.o] Error 1
19:47:40 **** Incremental Build of configuration Default for project MemorySystem ****
make all 
g++ -c -g memorysystem.cpp
memorysystem.cpp: In function ‘int main()’:
memorysystem.cpp:64:56: error: could not convert ‘tlb’ from ‘tlb_t*’ to ‘tlb_t’
   SearchTLB(ParsePageNum(logic_addr[i]), tlb, b, frames);
                                                        ^
make: *** [memorysystem.o] Error 1
19:47:57 **** Incremental Build of configuration Default for project MemorySystem ****
make all 
g++ -c -g memorysystem.cpp
memorysystem.cpp: In function ‘int main()’:
memorysystem.cpp:64:56: error: could not convert ‘tlb’ from ‘tlb_t*’ to ‘tlb_t’
   SearchTLB(ParsePageNum(logic_addr[i]), tlb, b, frames);
                                                        ^
make: *** [memorysystem.o] Error 1
19:59:06 **** Incremental Build of configuration Default for project MemorySystem ****
make all 
g++ -c -g memorysystem.cpp
g++ -g -o Debug/MemorySystem memorysystem.o
memorysystem.o: In function `main':
/home/john/Desktop/Project 6/Project_6/MemorySystem//memorysystem.cpp:64: undefined reference to `SearchTLB(unsigned int, tlb_t, bool*, char**)'
collect2: error: ld returned 1 exit status
make: *** [MemorySystem] Error 1
19:59:25 **** Incremental Build of configuration Default for project MemorySystem ****
make all 
g++ -c -g memorysystem.cpp
memorysystem.cpp: In function ‘int main()’:
memorysystem.cpp:64:56: error: could not convert ‘tlb’ from ‘tlb_t*’ to ‘tlb_t’
   SearchTLB(ParsePageNum(logic_addr[i]), tlb, b, frames);
                                                        ^
make: *** [memorysystem.o] Error 1
19:59:50 **** Incremental Build of configuration Default for project MemorySystem ****
make all 
g++ -c -g memorysystem.cpp
memorysystem.cpp: In function ‘int main()’:
memorysystem.cpp:64:56: error: could not convert ‘tlb’ from ‘tlb_t*’ to ‘tlb_t’
   SearchTLB(ParsePageNum(logic_addr[i]), tlb, b, frames);
                                                        ^
memorysystem.cpp: In function ‘int SearchTLB(u_int_t, tlb_t, bool*, char**)’:
memorysystem.cpp:89:8: error: base operand of ‘->’ has non-pointer type ‘tlb_t’
  if(tlb->size>0){
        ^
memorysystem.cpp:90:24: error: base operand of ‘->’ has non-pointer type ‘tlb_t’
  for(int i = 0; i < tlb->size; i++){
                        ^
memorysystem.cpp:91:9: error: base operand of ‘->’ has non-pointer type ‘tlb_t’
   if(tlb->list[i]->page_num == page_num){
         ^
memorysystem.cpp:93:17: error: base operand of ‘->’ has non-pointer type ‘tlb_t’
    *frames = tlb->list[i]->frames;
                 ^
make: *** [memorysystem.o] Error 1
20:00:49 **** Incremental Build of configuration Default for project MemorySystem ****
make all 
g++ -c -g memorysystem.cpp
memorysystem.cpp: In function ‘int main()’:
memorysystem.cpp:64:30: error: could not convert ‘tlb’ from ‘tlb_t*’ to ‘tlb_t’
   SearchTLB(5, tlb, b, frames);
                              ^
make: *** [memorysystem.o] Error 1
20:01:24 **** Incremental Build of configuration Default for project MemorySystem ****
make all 
g++ -c -g memorysystem.cpp
memorysystem.cpp: In function ‘int main()’:
memorysystem.cpp:52:21: error: ‘tlb’ was not declared in this scope
  result = CreateTLB(tlb);
                     ^
memorysystem.cpp:64:29: error: could not convert ‘hi’ from ‘tlb_t*’ to ‘tlb_t’
   SearchTLB(5, hi, b, frames);
                             ^
make: *** [memorysystem.o] Error 1
20:02:35 **** Incremental Build of configuration Default for project MemorySystem ****
make all 
g++ -c -g memorysystem.cpp
g++ -g -o Debug/MemorySystem memorysystem.o
20:11:53 **** Incremental Build of configuration Default for project MemorySystem ****
make all 
g++ -c -g memorysystem.cpp
g++ -g -o Debug/MemorySystem memorysystem.o
20:13:05 **** Incremental Build of configuration Default for project MemorySystem ****
make all 
g++ -c -g memorysystem.cpp
g++ -g -o Debug/MemorySystem memorysystem.o
20:13:09 **** Incremental Build of configuration Default for project MemorySystem ****
make all 
g++ -g -o Debug/MemorySystem memorysystem.o
20:17:22 **** Incremental Build of configuration Default for project MemorySystem ****
make all 
g++ -g -o Debug/MemorySystem memorysystem.o
20:17:29 **** Incremental Build of configuration Default for project MemorySystem ****
make all 
g++ -g -o Debug/MemorySystem memorysystem.o
20:17:33 **** Incremental Build of configuration Default for project MemorySystem ****
make all 
g++ -g -o Debug/MemorySystem memorysystem.o
20:19:08 **** Incremental Build of configuration Default for project MemorySystem ****
make all 
g++ -g -o Debug/MemorySystem memorysystem.o
20:19:26 **** Incremental Build of configuration Default for project MemorySystem ****
make all 
g++ -g -o Debug/MemorySystem memorysystem.o
20:19:32 **** Incremental Build of configuration Default for project MemorySystem ****
make all 
g++ -g -o Debug/MemorySystem memorysystem.o
20:20:07 **** Incremental Build of configuration Default for project MemorySystem ****
make all 
g++ -g -o Debug/MemorySystem memorysystem.o
20:20:23 **** Incremental Build of configuration Default for project MemorySystem ****
make all 
g++ -g -o Debug/MemorySystem memorysystem.o
20:20:40 **** Incremental Build of configuration Default for project MemorySystem ****
make all 
g++ -g -o Debug/MemorySystem memorysystem.o
20:21:15 **** Incremental Build of configuration Default for project MemorySystem ****
make all 
g++ -g -o Debug/MemorySystem memorysystem.o
20:23:11 **** Incremental Build of configuration Default for project MemorySystem ****
make all 
g++ -c -g memorysystem.cpp
g++ -g -o Debug/MemorySystem memorysystem.o
20:23:16 **** Incremental Build of configuration Default for project MemorySystem ****
make all 
g++ -g -o Debug/MemorySystem memorysystem.o
20:23:18 **** Incremental Build of configuration Default for project MemorySystem ****
make all 
g++ -g -o Debug/MemorySystem memorysystem.o
20:23:34 **** Incremental Build of configuration Default for project MemorySystem ****
make all 
g++ -g -o Debug/MemorySystem memorysystem.o
20:23:56 **** Incremental Build of configuration Default for project MemorySystem ****
make all 
g++ -c -g memorysystem.cpp
g++ -g -o Debug/MemorySystem memorysystem.o
20:24:26 **** Incremental Build of configuration Default for project MemorySystem ****
make all 
g++ -c -g memorysystem.cpp
g++ -g -o Debug/MemorySystem memorysystem.o
20:25:20 **** Incremental Build of configuration Default for project MemorySystem ****
make all 
g++ -c -g memorysystem.cpp
g++ -g -o Debug/MemorySystem memorysystem.o
20:26:34 **** Incremental Build of configuration Default for project MemorySystem ****
make all 
g++ -g -o Debug/MemorySystem memorysystem.o
20:32:56 **** Incremental Build of configuration Default for project MemorySystem ****
make all 
g++ -c -g memorysystem.cpp
g++ -g -o Debug/MemorySystem memorysystem.o
20:33:21 **** Incremental Build of configuration Default for project MemorySystem ****
make all 
g++ -c -g memorysystem.cpp
g++ -g -o Debug/MemorySystem memorysystem.o
20:33:40 **** Incremental Build of configuration Default for project MemorySystem ****
make all 
g++ -c -g memorysystem.cpp
g++ -g -o Debug/MemorySystem memorysystem.o
20:33:51 **** Incremental Build of configuration Default for project MemorySystem ****
make all 
g++ -c -g memorysystem.cpp
g++ -g -o Debug/MemorySystem memorysystem.o
20:34:16 **** Incremental Build of configuration Default for project MemorySystem ****
make all 
g++ -g -o Debug/MemorySystem memorysystem.o
20:34:24 **** Incremental Build of configuration Default for project MemorySystem ****
make all 
g++ -c -g memorysystem.cpp
g++ -g -o Debug/MemorySystem memorysystem.o
20:34:51 **** Incremental Build of configuration Default for project MemorySystem ****
make all 
g++ -c -g memorysystem.cpp
g++ -g -o Debug/MemorySystem memorysystem.o
20:36:44 **** Incremental Build of configuration Default for project MemorySystem ****
make all 
g++ -c -g memorysystem.cpp
memorysystem.cpp: In function ‘int main()’:
memorysystem.cpp:62:34: error: invalid conversion from ‘void*’ to ‘bool*’ [-fpermissive]
   bool *hit = malloc(sizeof(bool));
                                  ^
memorysystem.cpp:66:7: warning: converting ‘false’ to pointer type ‘bool*’ [-Wconversion-null]
   hit = false;
       ^
make: *** [memorysystem.o] Error 1
20:39:15 **** Incremental Build of configuration Default for project MemorySystem ****
make all 
g++ -c -g memorysystem.cpp
memorysystem.cpp: In function ‘int main()’:
memorysystem.cpp:66:7: warning: converting ‘false’ to pointer type ‘bool*’ [-Wconversion-null]
   hit = false;
       ^
g++ -g -o Debug/MemorySystem memorysystem.o
20:39:25 **** Incremental Build of configuration Default for project MemorySystem ****
make all 
g++ -c -g memorysystem.cpp
g++ -g -o Debug/MemorySystem memorysystem.o
20:40:26 **** Incremental Build of configuration Default for project MemorySystem ****
make all 
g++ -c -g memorysystem.cpp
g++ -g -o Debug/MemorySystem memorysystem.o
20:42:18 **** Incremental Build of configuration Default for project MemorySystem ****
make all 
g++ -c -g memorysystem.cpp
g++ -g -o Debug/MemorySystem memorysystem.o
20:42:31 **** Incremental Build of configuration Default for project MemorySystem ****
make all 
g++ -c -g memorysystem.cpp
g++ -g -o Debug/MemorySystem memorysystem.o
20:42:54 **** Incremental Build of configuration Default for project MemorySystem ****
make all 
g++ -c -g memorysystem.cpp
g++ -g -o Debug/MemorySystem memorysystem.o
20:43:43 **** Incremental Build of configuration Default for project MemorySystem ****
make all 
g++ -c -g memorysystem.cpp
g++ -g -o Debug/MemorySystem memorysystem.o
20:44:00 **** Incremental Build of configuration Default for project MemorySystem ****
make all 
g++ -c -g memorysystem.cpp
g++ -g -o Debug/MemorySystem memorysystem.o
20:44:57 **** Incremental Build of configuration Default for project MemorySystem ****
make all 
g++ -g -o Debug/MemorySystem memorysystem.o
20:45:10 **** Incremental Build of configuration Default for project MemorySystem ****
make all 
g++ -c -g memorysystem.cpp
g++ -g -o Debug/MemorySystem memorysystem.o
20:45:32 **** Incremental Build of configuration Default for project MemorySystem ****
make all 
g++ -c -g memorysystem.cpp
g++ -g -o Debug/MemorySystem memorysystem.o
20:46:01 **** Incremental Build of configuration Default for project MemorySystem ****
make all 
g++ -c -g memorysystem.cpp
g++ -g -o Debug/MemorySystem memorysystem.o
20:46:09 **** Incremental Build of configuration Default for project MemorySystem ****
make all 
g++ -c -g memorysystem.cpp
g++ -g -o Debug/MemorySystem memorysystem.o
20:46:19 **** Incremental Build of configuration Default for project MemorySystem ****
make all 
g++ -c -g memorysystem.cpp
g++ -g -o Debug/MemorySystem memorysystem.o
20:46:26 **** Incremental Build of configuration Default for project MemorySystem ****
make all 
g++ -c -g memorysystem.cpp
g++ -g -o Debug/MemorySystem memorysystem.o
20:46:46 **** Incremental Build of configuration Default for project MemorySystem ****
make all 
g++ -c -g memorysystem.cpp
g++ -g -o Debug/MemorySystem memorysystem.o
20:47:00 **** Incremental Build of configuration Default for project MemorySystem ****
make all 
g++ -c -g memorysystem.cpp
g++ -g -o Debug/MemorySystem memorysystem.o
20:47:12 **** Incremental Build of configuration Default for project MemorySystem ****
make all 
g++ -c -g memorysystem.cpp
g++ -g -o Debug/MemorySystem memorysystem.o
20:48:14 **** Incremental Build of configuration Default for project MemorySystem ****
make all 
g++ -c -g memorysystem.cpp
g++ -g -o Debug/MemorySystem memorysystem.o
20:48:23 **** Incremental Build of configuration Default for project MemorySystem ****
make all 
g++ -c -g memorysystem.cpp
g++ -g -o Debug/MemorySystem memorysystem.o
20:48:33 **** Incremental Build of configuration Default for project MemorySystem ****
make all 
g++ -c -g memorysystem.cpp
g++ -g -o Debug/MemorySystem memorysystem.o
20:48:55 **** Incremental Build of configuration Default for project MemorySystem ****
make all 
g++ -c -g memorysystem.cpp
g++ -g -o Debug/MemorySystem memorysystem.o
20:49:18 **** Incremental Build of configuration Default for project MemorySystem ****
make all 
g++ -c -g memorysystem.cpp
g++ -g -o Debug/MemorySystem memorysystem.o
20:53:08 **** Incremental Build of configuration Default for project MemorySystem ****
make all 
g++ -c -g memorysystem.cpp
memorysystem.cpp: In function ‘int SearchPageTable(u_int_t, page_table_t*, bool*, char**)’:
memorysystem.cpp:134:12: warning: converting to non-pointer type ‘char’ from NULL [-Wconversion-null]
   **frames = NULL;
            ^
g++ -g -o Debug/MemorySystem memorysystem.o
20:53:21 **** Incremental Build of configuration Default for project MemorySystem ****
make all 
g++ -c -g memorysystem.cpp
g++ -g -o Debug/MemorySystem memorysystem.o
20:53:37 **** Incremental Build of configuration Default for project MemorySystem ****
make all 
g++ -c -g memorysystem.cpp
g++ -g -o Debug/MemorySystem memorysystem.o
20:55:07 **** Incremental Build of configuration Default for project MemorySystem ****
make all 
g++ -c -g memorysystem.cpp
g++ -g -o Debug/MemorySystem memorysystem.o
20:55:23 **** Incremental Build of configuration Default for project MemorySystem ****
make all 
g++ -c -g memorysystem.cpp
g++ -g -o Debug/MemorySystem memorysystem.o
20:55:52 **** Incremental Build of configuration Default for project MemorySystem ****
make all 
g++ -c -g memorysystem.cpp
g++ -g -o Debug/MemorySystem memorysystem.o
20:56:29 **** Incremental Build of configuration Default for project MemorySystem ****
make all 
g++ -c -g memorysystem.cpp
g++ -g -o Debug/MemorySystem memorysystem.o
21:10:20 **** Incremental Build of configuration Default for project MemorySystem ****
make all 
g++ -c -g memorysystem.cpp
g++ -g -o Debug/MemorySystem memorysystem.o
21:12:14 **** Incremental Build of configuration Default for project MemorySystem ****
make all 
g++ -c -g memorysystem.cpp
g++ -g -o Debug/MemorySystem memorysystem.o
21:14:01 **** Incremental Build of configuration Default for project MemorySystem ****
make all 
g++ -c -g memorysystem.cpp
g++ -g -o Debug/MemorySystem memorysystem.o
21:14:16 **** Incremental Build of configuration Default for project MemorySystem ****
make all 
g++ -c -g memorysystem.cpp
g++ -g -o Debug/MemorySystem memorysystem.o
21:14:31 **** Incremental Build of configuration Default for project MemorySystem ****
make all 
g++ -c -g memorysystem.cpp
g++ -g -o Debug/MemorySystem memorysystem.o
21:14:52 **** Incremental Build of configuration Default for project MemorySystem ****
make all 
g++ -c -g memorysystem.cpp
g++ -g -o Debug/MemorySystem memorysystem.o
21:22:18 **** Incremental Build of configuration Default for project MemorySystem ****
make all 
g++ -c -g memorysystem.cpp
g++ -g -o Debug/MemorySystem memorysystem.o
21:22:42 **** Incremental Build of configuration Default for project MemorySystem ****
make all 
g++ -c -g memorysystem.cpp
g++ -g -o Debug/MemorySystem memorysystem.o
21:23:13 **** Incremental Build of configuration Default for project MemorySystem ****
make all 
g++ -c -g memorysystem.cpp
g++ -g -o Debug/MemorySystem memorysystem.o
21:23:33 **** Incremental Build of configuration Default for project MemorySystem ****
make all 
g++ -c -g memorysystem.cpp
g++ -g -o Debug/MemorySystem memorysystem.o
21:23:59 **** Incremental Build of configuration Default for project MemorySystem ****
make all 
g++ -c -g memorysystem.cpp
g++ -g -o Debug/MemorySystem memorysystem.o
21:32:10 **** Incremental Build of configuration Default for project MemorySystem ****
make all 
g++ -c -g memorysystem.cpp
g++ -g -o Debug/MemorySystem memorysystem.o
21:32:18 **** Incremental Build of configuration Default for project MemorySystem ****
make all 
g++ -c -g memorysystem.cpp
g++ -g -o Debug/MemorySystem memorysystem.o
21:33:27 **** Incremental Build of configuration Default for project MemorySystem ****
make all 
g++ -c -g memorysystem.cpp
g++ -g -o Debug/MemorySystem memorysystem.o
21:34:07 **** Incremental Build of configuration Default for project MemorySystem ****
make all 
g++ -c -g memorysystem.cpp
g++ -g -o Debug/MemorySystem memorysystem.o
21:34:14 **** Incremental Build of configuration Default for project MemorySystem ****
make all 
g++ -c -g memorysystem.cpp
g++ -g -o Debug/MemorySystem memorysystem.o
21:34:17 **** Incremental Build of configuration Default for project MemorySystem ****
make all 
g++ -g -o Debug/MemorySystem memorysystem.o
09:02:15 **** Incremental Build of configuration Default for project MemorySystem ****
make all 
g++ -c -g memorysystem.cpp
g++ -g -o Debug/MemorySystem memorysystem.o
09:03:01 **** Incremental Build of configuration Default for project MemorySystem ****
make all 
g++ -c -g memorysystem.cpp
g++ -g -o Debug/MemorySystem memorysystem.o
09:04:14 **** Incremental Build of configuration Default for project MemorySystem ****
make all 
g++ -c -g memorysystem.cpp
g++ -g -o Debug/MemorySystem memorysystem.o
09:04:29 **** Incremental Build of configuration Default for project MemorySystem ****
make all 
g++ -c -g memorysystem.cpp
g++ -g -o Debug/MemorySystem memorysystem.o
09:06:47 **** Incremental Build of configuration Default for project MemorySystem ****
make all 
g++ -c -g memorysystem.cpp
g++ -g -o Debug/MemorySystem memorysystem.o
09:08:01 **** Incremental Build of configuration Default for project MemorySystem ****
make all 
g++ -c -g memorysystem.cpp
memorysystem.cpp: In function ‘int SearchPageTable(u_int_t, page_table_t*, bool*, char**)’:
memorysystem.cpp:137:33: error: request for member ‘frames’ in ‘page_table->page_table_t::list[page_num]’, which is of pointer type ‘page_t*’ (maybe you meant to use ‘->’ ?)
  if (page_table->list[page_num].frames == NULL) {
                                 ^
make: *** [memorysystem.o] Error 1
09:11:25 **** Incremental Build of configuration Default for project MemorySystem ****
make all 
g++ -c -g memorysystem.cpp
g++ -g -o Debug/MemorySystem memorysystem.o
09:11:38 **** Incremental Build of configuration Default for project MemorySystem ****
make all 
g++ -c -g memorysystem.cpp
g++ -g -o Debug/MemorySystem memorysystem.o
09:12:23 **** Incremental Build of configuration Default for project MemorySystem ****
make all 
g++ -c -g memorysystem.cpp
g++ -g -o Debug/MemorySystem memorysystem.o
09:15:57 **** Incremental Build of configuration Default for project MemorySystem ****
make all 
g++ -c -g memorysystem.cpp
g++ -g -o Debug/MemorySystem memorysystem.o
09:16:32 **** Incremental Build of configuration Default for project MemorySystem ****
make all 
g++ -c -g memorysystem.cpp
g++ -g -o Debug/MemorySystem memorysystem.o
09:17:13 **** Incremental Build of configuration Default for project MemorySystem ****
make all 
g++ -c -g memorysystem.cpp
g++ -g -o Debug/MemorySystem memorysystem.o
09:17:21 **** Incremental Build of configuration Default for project MemorySystem ****
make all 
g++ -c -g memorysystem.cpp
g++ -g -o Debug/MemorySystem memorysystem.o
09:17:31 **** Incremental Build of configuration Default for project MemorySystem ****
make all 
g++ -c -g memorysystem.cpp
g++ -g -o Debug/MemorySystem memorysystem.o
09:20:06 **** Incremental Build of configuration Default for project MemorySystem ****
make all 
g++ -c -g memorysystem.cpp
g++ -g -o Debug/MemorySystem memorysystem.o
09:21:34 **** Incremental Build of configuration Default for project MemorySystem ****
make all 
g++ -c -g memorysystem.cpp
memorysystem.cpp: In function ‘int SearchPageTable(u_int_t, page_table_t*, bool*, char**)’:
memorysystem.cpp:137:23: error: expected primary-expression before ‘]’ token
  if (page_table->list[] == NULL) {
                       ^
make: *** [memorysystem.o] Error 1
09:23:07 **** Incremental Build of configuration Default for project MemorySystem ****
make all 
g++ -c -g memorysystem.cpp
g++ -g -o Debug/MemorySystem memorysystem.o
09:23:59 **** Incremental Build of configuration Default for project MemorySystem ****
make all 
g++ -c -g memorysystem.cpp
g++ -g -o Debug/MemorySystem memorysystem.o
09:24:48 **** Incremental Build of configuration Default for project MemorySystem ****
make all 
g++ -c -g memorysystem.cpp
memorysystem.cpp: In function ‘int SearchPageTable(u_int_t, page_table_t*, bool*, char**)’:
memorysystem.cpp:137:29: error: no match for ‘operator==’ (operand types are ‘page_t’ and ‘long int’)
  if (*(page_table->list)[0] == NULL) {
                             ^
make: *** [memorysystem.o] Error 1
09:25:06 **** Incremental Build of configuration Default for project MemorySystem ****
make all 
g++ -c -g memorysystem.cpp
memorysystem.cpp: In function ‘int SearchPageTable(u_int_t, page_table_t*, bool*, char**)’:
memorysystem.cpp:137:29: error: no match for ‘operator==’ (operand types are ‘page_t’ and ‘int’)
  if (*(page_table->list)[0] == 0) {
                             ^
make: *** [memorysystem.o] Error 1
09:25:32 **** Incremental Build of configuration Default for project MemorySystem ****
make all 
g++ -c -g memorysystem.cpp
memorysystem.cpp: In function ‘int SearchPageTable(u_int_t, page_table_t*, bool*, char**)’:
memorysystem.cpp:137:40: warning: NULL used in arithmetic [-Wpointer-arith]
  if (*(page_table->list)[0]->frames == NULL) {
                                        ^
g++ -g -o Debug/MemorySystem memorysystem.o
09:26:10 **** Incremental Build of configuration Default for project MemorySystem ****
make all 
g++ -c -g memorysystem.cpp
memorysystem.cpp: In function ‘int SearchPageTable(u_int_t, page_table_t*, bool*, char**)’:
memorysystem.cpp:137:40: warning: NULL used in arithmetic [-Wpointer-arith]
  if (*(page_table->list[0])->frames == NULL) {
                                        ^
g++ -g -o Debug/MemorySystem memorysystem.o
09:26:39 **** Incremental Build of configuration Default for project MemorySystem ****
make all 
g++ -c -g memorysystem.cpp
memorysystem.cpp: In function ‘int SearchPageTable(u_int_t, page_table_t*, bool*, char**)’:
memorysystem.cpp:137:29: error: request for member ‘frames’ in ‘page_table->page_table_t::list[0]’, which is of pointer type ‘page_t*’ (maybe you meant to use ‘->’ ?)
  if (*(page_table->list[0]).frames == NULL) {
                             ^
make: *** [memorysystem.o] Error 1
09:27:52 **** Incremental Build of configuration Default for project MemorySystem ****
make all 
g++ -c -g memorysystem.cpp
g++ -g -o Debug/MemorySystem memorysystem.o
09:28:14 **** Incremental Build of configuration Default for project MemorySystem ****
make all 
g++ -c -g memorysystem.cpp
memorysystem.cpp: In function ‘int SearchPageTable(u_int_t, page_table_t*, bool*, char**)’:
memorysystem.cpp:137:29: error: no match for ‘operator==’ (operand types are ‘page_t’ and ‘long int’)
  if (*(page_table->list[0]) == NULL) {
                             ^
make: *** [memorysystem.o] Error 1
09:29:18 **** Incremental Build of configuration Default for project MemorySystem ****
make all 
g++ -c -g memorysystem.cpp
memorysystem.cpp: In function ‘int SearchPageTable(u_int_t, page_table_t*, bool*, char**)’:
memorysystem.cpp:138:29: error: no match for ‘operator==’ (operand types are ‘page_t’ and ‘page_t’)
  if (*(page_table->list[0]) == p) {
                             ^
make: *** [memorysystem.o] Error 1
09:29:59 **** Incremental Build of configuration Default for project MemorySystem ****
make all 
g++ -c -g memorysystem.cpp
g++ -g -o Debug/MemorySystem memorysystem.o
09:30:25 **** Incremental Build of configuration Default for project MemorySystem ****
make all 
g++ -c -g memorysystem.cpp
memorysystem.cpp: In function ‘int SearchPageTable(u_int_t, page_table_t*, bool*, char**)’:
memorysystem.cpp:137:29: error: ISO C++ forbids comparison between pointer and integer [-fpermissive]
  if (page_table->list[1] == 5) {
                             ^
make: *** [memorysystem.o] Error 1
09:31:15 **** Incremental Build of configuration Default for project MemorySystem ****
make all 
g++ -c -g memorysystem.cpp
memorysystem.cpp: In function ‘int SearchPageTable(u_int_t, page_table_t*, bool*, char**)’:
memorysystem.cpp:137:37: error: expected primary-expression before ‘)’ token
  if (page_table->list[1] == (*page_t) *frames) {
                                     ^
make: *** [memorysystem.o] Error 1
09:31:37 **** Incremental Build of configuration Default for project MemorySystem ****
make all 
g++ -c -g memorysystem.cpp
g++ -g -o Debug/MemorySystem memorysystem.o
09:37:40 **** Incremental Build of configuration Default for project MemorySystem ****
make all 
g++ -c -g memorysystem.cpp
g++ -g -o Debug/MemorySystem memorysystem.o
09:39:29 **** Incremental Build of configuration Default for project MemorySystem ****
make all 
g++ -c -g memorysystem.cpp
g++ -g -o Debug/MemorySystem memorysystem.o
09:40:19 **** Incremental Build of configuration Default for project MemorySystem ****
make all 
g++ -c -g memorysystem.cpp
g++ -g -o Debug/MemorySystem memorysystem.o
09:45:42 **** Incremental Build of configuration Default for project MemorySystem ****
make all 
g++ -c -g memorysystem.cpp
g++ -g -o Debug/MemorySystem memorysystem.o
09:46:06 **** Incremental Build of configuration Default for project MemorySystem ****
make all 
g++ -c -g memorysystem.cpp
g++ -g -o Debug/MemorySystem memorysystem.o
09:46:49 **** Incremental Build of configuration Default for project MemorySystem ****
make all 
g++ -c -g memorysystem.cpp
g++ -g -o Debug/MemorySystem memorysystem.o
09:47:17 **** Incremental Build of configuration Default for project MemorySystem ****
make all 
g++ -c -g memorysystem.cpp
g++ -g -o Debug/MemorySystem memorysystem.o
09:47:23 **** Incremental Build of configuration Default for project MemorySystem ****
make all 
g++ -c -g memorysystem.cpp
g++ -g -o Debug/MemorySystem memorysystem.o
09:47:45 **** Incremental Build of configuration Default for project MemorySystem ****
make all 
g++ -c -g memorysystem.cpp
g++ -g -o Debug/MemorySystem memorysystem.o
09:48:09 **** Incremental Build of configuration Default for project MemorySystem ****
make all 
g++ -c -g memorysystem.cpp
g++ -g -o Debug/MemorySystem memorysystem.o
10:10:47 **** Incremental Build of configuration Default for project MemorySystem ****
make all 
g++ -c -g memorysystem.cpp
g++ -g -o Debug/MemorySystem memorysystem.o
10:11:45 **** Incremental Build of configuration Default for project MemorySystem ****
make all 
g++ -g -o Debug/MemorySystem memorysystem.o
10:15:36 **** Incremental Build of configuration Default for project MemorySystem ****
make all 
g++ -c -g memorysystem.cpp
g++ -g -o Debug/MemorySystem memorysystem.o
10:15:58 **** Incremental Build of configuration Default for project MemorySystem ****
make all 
g++ -c -g memorysystem.cpp
g++ -g -o Debug/MemorySystem memorysystem.o
10:16:40 **** Incremental Build of configuration Default for project MemorySystem ****
make all 
g++ -c -g memorysystem.cpp
g++ -g -o Debug/MemorySystem memorysystem.o
10:17:03 **** Incremental Build of configuration Default for project MemorySystem ****
make all 
g++ -c -g memorysystem.cpp
g++ -g -o Debug/MemorySystem memorysystem.o
10:18:03 **** Incremental Build of configuration Default for project MemorySystem ****
make all 
g++ -c -g memorysystem.cpp
g++ -g -o Debug/MemorySystem memorysystem.o
10:18:13 **** Incremental Build of configuration Default for project MemorySystem ****
make all 
g++ -c -g memorysystem.cpp
g++ -g -o Debug/MemorySystem memorysystem.o
10:19:25 **** Incremental Build of configuration Default for project MemorySystem ****
make all 
g++ -c -g memorysystem.cpp
g++ -g -o Debug/MemorySystem memorysystem.o
10:20:25 **** Incremental Build of configuration Default for project MemorySystem ****
make all 
g++ -c -g memorysystem.cpp
g++ -g -o Debug/MemorySystem memorysystem.o
10:21:05 **** Incremental Build of configuration Default for project MemorySystem ****
make all 
g++ -c -g memorysystem.cpp
g++ -g -o Debug/MemorySystem memorysystem.o
10:21:20 **** Incremental Build of configuration Default for project MemorySystem ****
make all 
g++ -c -g memorysystem.cpp
g++ -g -o Debug/MemorySystem memorysystem.o
10:22:55 **** Incremental Build of configuration Default for project MemorySystem ****
make all 
g++ -c -g memorysystem.cpp
g++ -g -o Debug/MemorySystem memorysystem.o
10:23:14 **** Incremental Build of configuration Default for project MemorySystem ****
make all 
g++ -c -g memorysystem.cpp
g++ -g -o Debug/MemorySystem memorysystem.o
10:23:22 **** Incremental Build of configuration Default for project MemorySystem ****
make all 
g++ -c -g memorysystem.cpp
g++ -g -o Debug/MemorySystem memorysystem.o
10:24:39 **** Incremental Build of configuration Default for project MemorySystem ****
make all 
g++ -c -g memorysystem.cpp
g++ -g -o Debug/MemorySystem memorysystem.o
10:25:18 **** Incremental Build of configuration Default for project MemorySystem ****
make all 
g++ -g -o Debug/MemorySystem memorysystem.o
10:25:19 **** Incremental Build of configuration Default for project MemorySystem ****
make all 
g++ -g -o Debug/MemorySystem memorysystem.o
10:27:17 **** Incremental Build of configuration Default for project MemorySystem ****
make all 
g++ -g -o Debug/MemorySystem memorysystem.o
10:27:21 **** Incremental Build of configuration Default for project MemorySystem ****
make all 
g++ -g -o Debug/MemorySystem memorysystem.o
10:27:46 **** Incremental Build of configuration Default for project MemorySystem ****
make all 
g++ -g -o Debug/MemorySystem memorysystem.o
10:35:28 **** Incremental Build of configuration Default for project MemorySystem ****
make all 
g++ -c -g memorysystem.cpp
g++ -g -o Debug/MemorySystem memorysystem.o
10:35:38 **** Incremental Build of configuration Default for project MemorySystem ****
make all 
g++ -c -g memorysystem.cpp
g++ -g -o Debug/MemorySystem memorysystem.o
10:36:45 **** Incremental Build of configuration Default for project MemorySystem ****
make all 
g++ -c -g memorysystem.cpp
g++ -g -o Debug/MemorySystem memorysystem.o
10:37:50 **** Incremental Build of configuration Default for project MemorySystem ****
make all 
g++ -c -g memorysystem.cpp
g++ -g -o Debug/MemorySystem memorysystem.o
10:38:08 **** Incremental Build of configuration Default for project MemorySystem ****
make all 
g++ -c -g memorysystem.cpp
g++ -g -o Debug/MemorySystem memorysystem.o
10:45:11 **** Incremental Build of configuration Default for project MemorySystem ****
make all 
g++ -c -g memorysystem.cpp
memorysystem.cpp: In function ‘int main()’:
memorysystem.cpp:55:41: error: expected primary-expression before ‘)’ token
  page_table = malloc(sizeof(page_table *));
                                         ^
memorysystem.cpp: In function ‘int CreatePageTable(page_table_t**)’:
memorysystem.cpp:121:13: error: cannot convert ‘page_table_t*’ to ‘page_table_t**’ in assignment
  page_table = (page_table_t *) malloc(sizeof(page_table_t));
             ^
memorysystem.cpp:129:15: error: request for member ‘list’ in ‘* page_table’, which is of pointer type ‘page_table_t*’ (maybe you meant to use ‘->’ ?)
   page_table->list[i] = (page_t *) malloc(sizeof(page_t));
               ^
memorysystem.cpp:130:19: error: request for member ‘list’ in ‘* page_table’, which is of pointer type ‘page_table_t*’ (maybe you meant to use ‘->’ ?)
   if (page_table->list[i] == NULL) {
                   ^
memorysystem.cpp:133:15: error: request for member ‘list’ in ‘* page_table’, which is of pointer type ‘page_table_t*’ (maybe you meant to use ‘->’ ?)
   page_table->list[i]->frames = NULL;
               ^
memorysystem.cpp:135:14: error: request for member ‘num_entries’ in ‘* page_table’, which is of pointer type ‘page_table_t*’ (maybe you meant to use ‘->’ ?)
  page_table->num_entries = 0;
              ^
make: *** [memorysystem.o] Error 1
10:45:55 **** Incremental Build of configuration Default for project MemorySystem ****
make all 
g++ -c -g memorysystem.cpp
memorysystem.cpp: In function ‘int main()’:
memorysystem.cpp:55:41: error: expected primary-expression before ‘)’ token
  page_table = malloc(sizeof(page_table *));
                                         ^
memorysystem.cpp: In function ‘int CreatePageTable(page_table_t**)’:
memorysystem.cpp:129:16: error: request for member ‘list’ in ‘* page_table’, which is of pointer type ‘page_table_t*’ (maybe you meant to use ‘->’ ?)
   *page_table->list[i] = (page_t *) malloc(sizeof(page_t));
                ^
memorysystem.cpp:130:20: error: request for member ‘list’ in ‘* page_table’, which is of pointer type ‘page_table_t*’ (maybe you meant to use ‘->’ ?)
   if (*page_table->list[i] == NULL) {
                    ^
memorysystem.cpp:133:16: error: request for member ‘list’ in ‘* page_table’, which is of pointer type ‘page_table_t*’ (maybe you meant to use ‘->’ ?)
   *page_table->list[i]->frames = NULL;
                ^
memorysystem.cpp:135:15: error: request for member ‘num_entries’ in ‘* page_table’, which is of pointer type ‘page_table_t*’ (maybe you meant to use ‘->’ ?)
  *page_table->num_entries = 0;
               ^
make: *** [memorysystem.o] Error 1
10:47:01 **** Incremental Build of configuration Default for project MemorySystem ****
make all 
g++ -c -g memorysystem.cpp
memorysystem.cpp: In function ‘int main()’:
memorysystem.cpp:55:41: error: expected primary-expression before ‘)’ token
  page_table = malloc(sizeof(page_table *));
                                         ^
make: *** [memorysystem.o] Error 1
10:47:23 **** Incremental Build of configuration Default for project MemorySystem ****
make all 
g++ -c -g memorysystem.cpp
memorysystem.cpp: In function ‘int main()’:
memorysystem.cpp:55:29: error: expected primary-expression before ‘)’ token
  page_table = (page_table **) malloc(sizeof(page_table *));
                             ^
memorysystem.cpp:55:31: error: expected ‘;’ before ‘malloc’
  page_table = (page_table **) malloc(sizeof(page_table *));
                               ^
make: *** [memorysystem.o] Error 1
10:48:26 **** Incremental Build of configuration Default for project MemorySystem ****
make all 
g++ -c -g memorysystem.cpp
memorysystem.cpp: In function ‘int main()’:
memorysystem.cpp:55:29: error: expected primary-expression before ‘)’ token
  page_table = (page_table **) malloc(sizeof(page_table *));
                             ^
memorysystem.cpp:55:31: error: expected ‘;’ before ‘malloc’
  page_table = (page_table **) malloc(sizeof(page_table *));
                               ^
make: *** [memorysystem.o] Error 1
10:49:04 **** Incremental Build of configuration Default for project MemorySystem ****
make all 
g++ -c -g memorysystem.cpp
g++ -g -o Debug/MemorySystem memorysystem.o
10:49:41 **** Incremental Build of configuration Default for project MemorySystem ****
make all 
g++ -c -g memorysystem.cpp
g++ -g -o Debug/MemorySystem memorysystem.o
10:49:56 **** Incremental Build of configuration Default for project MemorySystem ****
make all 
g++ -c -g memorysystem.cpp
g++ -g -o Debug/MemorySystem memorysystem.o
10:50:09 **** Incremental Build of configuration Default for project MemorySystem ****
make all 
g++ -c -g memorysystem.cpp
g++ -g -o Debug/MemorySystem memorysystem.o
10:51:11 **** Incremental Build of configuration Default for project MemorySystem ****
make all 
g++ -c -g memorysystem.cpp
g++ -g -o Debug/MemorySystem memorysystem.o
11:11:29 **** Incremental Build of configuration Default for project MemorySystem ****
make all 
g++ -c -g memorysystem.cpp
g++ -g -o Debug/MemorySystem memorysystem.o
11:12:51 **** Incremental Build of configuration Default for project MemorySystem ****
make all 
g++ -c -g memorysystem.cpp
g++ -g -o Debug/MemorySystem memorysystem.o
11:14:01 **** Incremental Build of configuration Default for project MemorySystem ****
make all 
g++ -c -g memorysystem.cpp
g++ -g -o Debug/MemorySystem memorysystem.o
11:14:57 **** Incremental Build of configuration Default for project MemorySystem ****
make all 
g++ -c -g memorysystem.cpp
g++ -g -o Debug/MemorySystem memorysystem.o
11:18:09 **** Incremental Build of configuration Default for project MemorySystem ****
make all 
g++ -c -g memorysystem.cpp
g++ -g -o Debug/MemorySystem memorysystem.o
14:50:35 **** Incremental Build of configuration Default for project MemorySystem ****
make all 
g++ -c -g memorysystem.cpp
memorysystem.cpp: In function ‘int SearchTLB(u_int_t, tlb_t*, bool*, char**)’:
memorysystem.cpp:161:48: error: a function-definition is not allowed here before ‘{’ token
 int CreatePageTable(page_table_t **page_table) {
                                                ^
memorysystem.cpp:270:1: error: expected ‘}’ at end of input
 }
 ^
make: *** [memorysystem.o] Error 1
14:51:54 **** Incremental Build of configuration Default for project MemorySystem ****
make all 
g++ -c -g memorysystem.cpp
memorysystem.cpp: In function ‘int SearchTLB(u_int_t, tlb_t*, bool*, char**)’:
memorysystem.cpp:161:48: error: a function-definition is not allowed here before ‘{’ token
 int CreatePageTable(page_table_t **page_table) {
                                                ^
memorysystem.cpp:270:1: error: expected ‘}’ at end of input
 }
 ^
make: *** [memorysystem.o] Error 1
14:56:15 **** Incremental Build of configuration Default for project MemorySystem ****
make all 
g++ -c -g memorysystem.cpp
g++ -g -o Debug/MemorySystem memorysystem.o
15:02:15 **** Incremental Build of configuration Default for project MemorySystem ****
make all 
g++ -c -g memorysystem.cpp
g++ -g -o Debug/MemorySystem memorysystem.o
15:02:26 **** Incremental Build of configuration Default for project MemorySystem ****
make all 
g++ -c -g memorysystem.cpp
g++ -g -o Debug/MemorySystem memorysystem.o
15:03:47 **** Incremental Build of configuration Default for project MemorySystem ****
make all 
g++ -c -g memorysystem.cpp
g++ -g -o Debug/MemorySystem memorysystem.o
15:07:28 **** Incremental Build of configuration Default for project MemorySystem ****
make all 
g++ -c -g memorysystem.cpp
g++ -g -o Debug/MemorySystem memorysystem.o
15:07:48 **** Incremental Build of configuration Default for project MemorySystem ****
make all 
g++ -c -g memorysystem.cpp
g++ -g -o Debug/MemorySystem memorysystem.o
15:08:17 **** Incremental Build of configuration Default for project MemorySystem ****
make all 
g++ -c -g memorysystem.cpp
g++ -g -o Debug/MemorySystem memorysystem.o
15:08:30 **** Incremental Build of configuration Default for project MemorySystem ****
make all 
g++ -c -g memorysystem.cpp
g++ -g -o Debug/MemorySystem memorysystem.o
15:08:47 **** Incremental Build of configuration Default for project MemorySystem ****
make all 
g++ -c -g memorysystem.cpp
g++ -g -o Debug/MemorySystem memorysystem.o
15:09:05 **** Incremental Build of configuration Default for project MemorySystem ****
make all 
g++ -c -g memorysystem.cpp
g++ -g -o Debug/MemorySystem memorysystem.o
15:09:19 **** Incremental Build of configuration Default for project MemorySystem ****
make all 
g++ -c -g memorysystem.cpp
g++ -g -o Debug/MemorySystem memorysystem.o
15:09:34 **** Incremental Build of configuration Default for project MemorySystem ****
make all 
g++ -g -o Debug/MemorySystem memorysystem.o
15:10:06 **** Incremental Build of configuration Default for project MemorySystem ****
make all 
g++ -c -g memorysystem.cpp
g++ -g -o Debug/MemorySystem memorysystem.o
15:10:40 **** Incremental Build of configuration Default for project MemorySystem ****
make all 
g++ -c -g memorysystem.cpp
g++ -g -o Debug/MemorySystem memorysystem.o
15:10:52 **** Incremental Build of configuration Default for project MemorySystem ****
make all 
g++ -c -g memorysystem.cpp
g++ -g -o Debug/MemorySystem memorysystem.o
15:11:15 **** Incremental Build of configuration Default for project MemorySystem ****
make all 
g++ -c -g memorysystem.cpp
g++ -g -o Debug/MemorySystem memorysystem.o
15:11:34 **** Incremental Build of configuration Default for project MemorySystem ****
make all 
g++ -c -g memorysystem.cpp
g++ -g -o Debug/MemorySystem memorysystem.o
15:17:18 **** Incremental Build of configuration Default for project MemorySystem ****
make all 
g++ -c -g memorysystem.cpp
memorysystem.cpp: In function ‘int CreateTLB(tlb_t**)’:
memorysystem.cpp:122:9: error: request for member ‘list’ in ‘* tlb’, which is of pointer type ‘tlb_t*’ (maybe you meant to use ‘->’ ?)
   *tlb->list[i] = NULL;
         ^
memorysystem.cpp:125:8: error: request for member ‘size’ in ‘* tlb’, which is of pointer type ‘tlb_t*’ (maybe you meant to use ‘->’ ?)
  *tlb->size = 0;
        ^
make: *** [memorysystem.o] Error 1
15:18:11 **** Incremental Build of configuration Default for project MemorySystem ****
make all 
g++ -c -g memorysystem.cpp
g++ -g -o Debug/MemorySystem memorysystem.o
15:18:39 **** Incremental Build of configuration Default for project MemorySystem ****
make all 
g++ -c -g memorysystem.cpp
g++ -g -o Debug/MemorySystem memorysystem.o
15:23:39 **** Incremental Build of configuration Default for project MemorySystem ****
make all 
g++ -c -g memorysystem.cpp
g++ -g -o Debug/MemorySystem memorysystem.o
memorysystem.o: In function `main':
/home/john/Desktop/Project 6/Project_6/MemorySystem//memorysystem.cpp:66: undefined reference to `CreateTLB(tlb_t*)'
collect2: error: ld returned 1 exit status
make: *** [MemorySystem] Error 1
15:23:58 **** Incremental Build of configuration Default for project MemorySystem ****
make all 
g++ -c -g memorysystem.cpp
memorysystem.cpp: In function ‘int main()’:
memorysystem.cpp:66:24: error: cannot convert ‘tlb_t*’ to ‘tlb_t**’ for argument ‘1’ to ‘int CreateTLB(tlb_t**)’
  result = CreateTLB(tlb); // Create a TLB
                        ^
make: *** [memorysystem.o] Error 1
15:24:15 **** Incremental Build of configuration Default for project MemorySystem ****
make all 
g++ -c -g memorysystem.cpp
memorysystem.cpp: In function ‘int main()’:
memorysystem.cpp:98:59: error: cannot convert ‘tlb_t**’ to ‘tlb_t*’ for argument ‘4’ to ‘int PageFaultHandler(u_int_t, const char*, page_table_t*, tlb_t*)’
     PageFaultHandler(page_num, DISK_FILE, *page_table, tlb);
                                                           ^
make: *** [memorysystem.o] Error 1
15:24:44 **** Incremental Build of configuration Default for project MemorySystem ****
make all 
g++ -c -g memorysystem.cpp
g++ -g -o Debug/MemorySystem memorysystem.o
15:26:04 **** Incremental Build of configuration Default for project MemorySystem ****
make all 
g++ -c -g memorysystem.cpp
g++ -g -o Debug/MemorySystem memorysystem.o
17:17:47 **** Incremental Build of configuration Default for project MemorySystem ****
make all 
g++ -c -g memorysystem.cpp
In file included from memorysystem.cpp:14:0:
memorysystem.h:44:18: error: ‘u_int_t’ was not declared in this scope
 int ParsePageNum(u_int_t logical_addr);
                  ^
memorysystem.h:45:17: error: ‘u_int_t’ was not declared in this scope
 int ParseOffset(u_int_t logical_addr);
                 ^
memorysystem.h:48:15: error: ‘u_int_t’ was not declared in this scope
 int SearchTLB(u_int_t page_num, tlb_t *tlb, bool *is_tlb_hit, char **frames);
               ^
memorysystem.h:48:39: error: expected primary-expression before ‘*’ token
 int SearchTLB(u_int_t page_num, tlb_t *tlb, bool *is_tlb_hit, char **frames);
                                       ^
memorysystem.h:48:40: error: ‘tlb’ was not declared in this scope
 int SearchTLB(u_int_t page_num, tlb_t *tlb, bool *is_tlb_hit, char **frames);
                                        ^
memorysystem.h:48:45: error: expected primary-expression before ‘bool’
 int SearchTLB(u_int_t page_num, tlb_t *tlb, bool *is_tlb_hit, char **frames);
                                             ^
memorysystem.h:48:63: error: expected primary-expression before ‘char’
 int SearchTLB(u_int_t page_num, tlb_t *tlb, bool *is_tlb_hit, char **frames);
                                                               ^
memorysystem.h:48:76: error: expression list treated as compound expression in initializer [-fpermissive]
 int SearchTLB(u_int_t page_num, tlb_t *tlb, bool *is_tlb_hit, char **frames);
                                                                            ^
memorysystem.h:51:21: error: ‘u_int_t’ was not declared in this scope
 int SearchPageTable(u_int_t page_num, page_table_t * page_table, bool *is_page_hit, char **frames);
                     ^
memorysystem.h:51:52: error: expected primary-expression before ‘*’ token
 int SearchPageTable(u_int_t page_num, page_table_t * page_table, bool *is_page_hit, char **frames);
                                                    ^
memorysystem.h:51:54: error: ‘page_table’ was not declared in this scope
 int SearchPageTable(u_int_t page_num, page_table_t * page_table, bool *is_page_hit, char **frames);
                                                      ^
memorysystem.h:51:66: error: expected primary-expression before ‘bool’
 int SearchPageTable(u_int_t page_num, page_table_t * page_table, bool *is_page_hit, char **frames);
                                                                  ^
memorysystem.h:51:85: error: expected primary-expression before ‘char’
 int SearchPageTable(u_int_t page_num, page_table_t * page_table, bool *is_page_hit, char **frames);
                                                                                     ^
memorysystem.h:51:98: error: expression list treated as compound expression in initializer [-fpermissive]
 int SearchPageTable(u_int_t page_num, page_table_t * page_table, bool *is_page_hit, char **frames);
                                                                                                  ^
memorysystem.h:52:22: error: ‘u_int_t’ was not declared in this scope
 int PageFaultHandler(u_int_t page_num, const char * phys_mem_filename, page_table_t *page_table, tlb_t *tlb, char ** frames);
                      ^
memorysystem.h:52:40: error: expected primary-expression before ‘const’
 int PageFaultHandler(u_int_t page_num, const char * phys_mem_filename, page_table_t *page_table, tlb_t *tlb, char ** frames);
                                        ^
memorysystem.h:52:85: error: expected primary-expression before ‘*’ token
 int PageFaultHandler(u_int_t page_num, const char * phys_mem_filename, page_table_t *page_table, tlb_t *tlb, char ** frames);
                                                                                     ^
memorysystem.h:52:86: error: ‘page_table’ was not declared in this scope
 int PageFaultHandler(u_int_t page_num, const char * phys_mem_filename, page_table_t *page_table, tlb_t *tlb, char ** frames);
                                                                                      ^
memorysystem.h:52:104: error: expected primary-expression before ‘*’ token
 int PageFaultHandler(u_int_t page_num, const char * phys_mem_filename, page_table_t *page_table, tlb_t *tlb, char ** frames);
                                                                                                        ^
memorysystem.h:52:105: error: ‘tlb’ was not declared in this scope
 int PageFaultHandler(u_int_t page_num, const char * phys_mem_filename, page_table_t *page_table, tlb_t *tlb, char ** frames);
                                                                                                         ^
memorysystem.h:52:110: error: expected primary-expression before ‘char’
 int PageFaultHandler(u_int_t page_num, const char * phys_mem_filename, page_table_t *page_table, tlb_t *tlb, char ** frames);
                                                                                                              ^
memorysystem.h:52:124: error: expression list treated as compound expression in initializer [-fpermissive]
 int PageFaultHandler(u_int_t page_num, const char * phys_mem_filename, page_table_t *page_table, tlb_t *tlb, char ** frames);
                                                                                                                            ^
memorysystem.cpp: In function ‘int main()’:
memorysystem.cpp:37:2: error: ‘u_int_t’ was not declared in this scope
  u_int_t logic_addr[MAX_ADDRESSES];
  ^
memorysystem.cpp:37:10: error: expected ‘;’ before ‘logic_addr’
  u_int_t logic_addr[MAX_ADDRESSES];
          ^
memorysystem.cpp:57:4: error: ‘logic_addr’ was not declared in this scope
    logic_addr[i] = atoi(last_addr);
    ^
memorysystem.cpp:91:11: error: expected ‘;’ before ‘page_num’
   u_int_t page_num = ParsePageNum(logic_addr[i]);
           ^
memorysystem.cpp:92:11: error: expected ‘;’ before ‘offset’
   u_int_t offset = ParseOffset(logic_addr[i]);
           ^
memorysystem.cpp:96:20: error: ‘page_num’ was not declared in this scope
    SearchPageTable(page_num, *page_table, hit, frames);
                    ^
memorysystem.cpp:96:54: error: ‘SearchPageTable’ cannot be used as a function
    SearchPageTable(page_num, *page_table, hit, frames);
                                                      ^
memorysystem.cpp:99:68: error: ‘PageFaultHandler’ cannot be used as a function
     PageFaultHandler(page_num, DISK_FILE, *page_table, *tlb, frames);
                                                                    ^
memorysystem.cpp: In function ‘int CreatePhysicalMemory(physical_memory_t**)’:
memorysystem.cpp:109:41: error: expected primary-expression before ‘)’ token
  (*physical_memory) = (physical_memory *) malloc(sizeof(physical_memory));
                                         ^
memorysystem.cpp:109:43: error: expected ‘;’ before ‘malloc’
  (*physical_memory) = (physical_memory *) malloc(sizeof(physical_memory));
                                           ^
memorysystem.cpp:117:23: error: ‘struct physical_memory_t’ has no member named ‘list’
   (*physical_memory)->list[i] = (page_t *) malloc(sizeof(page_t));
                       ^
memorysystem.cpp:118:27: error: ‘struct physical_memory_t’ has no member named ‘list’
   if ((*physical_memory)->list[i] == NULL) {
                           ^
memorysystem.cpp:121:23: error: ‘struct physical_memory_t’ has no member named ‘list’
   (*physical_memory)->list[i]->frames = NULL;
                       ^
memorysystem.cpp: At global scope:
memorysystem.cpp:160:15: error: redefinition of ‘int SearchTLB’
 int SearchTLB(u_int_t page_num, tlb_t * tlb, bool *is_tlb_hit, char **frames) {
               ^
In file included from memorysystem.cpp:14:0:
memorysystem.h:48:5: error: ‘int SearchTLB’ previously defined here
 int SearchTLB(u_int_t page_num, tlb_t *tlb, bool *is_tlb_hit, char **frames);
     ^
memorysystem.cpp:160:15: error: ‘u_int_t’ was not declared in this scope
 int SearchTLB(u_int_t page_num, tlb_t * tlb, bool *is_tlb_hit, char **frames) {
               ^
memorysystem.cpp:160:39: error: expected primary-expression before ‘*’ token
 int SearchTLB(u_int_t page_num, tlb_t * tlb, bool *is_tlb_hit, char **frames) {
                                       ^
memorysystem.cpp:160:41: error: ‘tlb’ was not declared in this scope
 int SearchTLB(u_int_t page_num, tlb_t * tlb, bool *is_tlb_hit, char **frames) {
                                         ^
memorysystem.cpp:160:46: error: expected primary-expression before ‘bool’
 int SearchTLB(u_int_t page_num, tlb_t * tlb, bool *is_tlb_hit, char **frames) {
                                              ^
memorysystem.cpp:160:64: error: expected primary-expression before ‘char’
 int SearchTLB(u_int_t page_num, tlb_t * tlb, bool *is_tlb_hit, char **frames) {
                                                                ^
make: *** [memorysystem.o] Error 1
17:19:26 **** Incremental Build of configuration Default for project MemorySystem ****
make all 
g++ -c -g memorysystem.cpp
In file included from memorysystem.cpp:14:0:
memorysystem.h:44:18: error: ‘u_int_t’ was not declared in this scope
 int ParsePageNum(u_int_t logical_addr);
                  ^
memorysystem.h:45:17: error: ‘u_int_t’ was not declared in this scope
 int ParseOffset(u_int_t logical_addr);
                 ^
memorysystem.h:48:15: error: ‘u_int_t’ was not declared in this scope
 int SearchTLB(u_int_t page_num, tlb_t *tlb, bool *is_tlb_hit, char **frames);
               ^
memorysystem.h:48:39: error: expected primary-expression before ‘*’ token
 int SearchTLB(u_int_t page_num, tlb_t *tlb, bool *is_tlb_hit, char **frames);
                                       ^
memorysystem.h:48:40: error: ‘tlb’ was not declared in this scope
 int SearchTLB(u_int_t page_num, tlb_t *tlb, bool *is_tlb_hit, char **frames);
                                        ^
memorysystem.h:48:45: error: expected primary-expression before ‘bool’
 int SearchTLB(u_int_t page_num, tlb_t *tlb, bool *is_tlb_hit, char **frames);
                                             ^
memorysystem.h:48:63: error: expected primary-expression before ‘char’
 int SearchTLB(u_int_t page_num, tlb_t *tlb, bool *is_tlb_hit, char **frames);
                                                               ^
memorysystem.h:48:76: error: expression list treated as compound expression in initializer [-fpermissive]
 int SearchTLB(u_int_t page_num, tlb_t *tlb, bool *is_tlb_hit, char **frames);
                                                                            ^
memorysystem.h:51:21: error: ‘u_int_t’ was not declared in this scope
 int SearchPageTable(u_int_t page_num, page_table_t * page_table, bool *is_page_hit, char **frames);
                     ^
memorysystem.h:51:52: error: expected primary-expression before ‘*’ token
 int SearchPageTable(u_int_t page_num, page_table_t * page_table, bool *is_page_hit, char **frames);
                                                    ^
memorysystem.h:51:54: error: ‘page_table’ was not declared in this scope
 int SearchPageTable(u_int_t page_num, page_table_t * page_table, bool *is_page_hit, char **frames);
                                                      ^
memorysystem.h:51:66: error: expected primary-expression before ‘bool’
 int SearchPageTable(u_int_t page_num, page_table_t * page_table, bool *is_page_hit, char **frames);
                                                                  ^
memorysystem.h:51:85: error: expected primary-expression before ‘char’
 int SearchPageTable(u_int_t page_num, page_table_t * page_table, bool *is_page_hit, char **frames);
                                                                                     ^
memorysystem.h:51:98: error: expression list treated as compound expression in initializer [-fpermissive]
 int SearchPageTable(u_int_t page_num, page_table_t * page_table, bool *is_page_hit, char **frames);
                                                                                                  ^
memorysystem.h:52:22: error: ‘u_int_t’ was not declared in this scope
 int PageFaultHandler(u_int_t page_num, const char * phys_mem_filename, page_table_t *page_table, tlb_t *tlb, char ** frames);
                      ^
memorysystem.h:52:40: error: expected primary-expression before ‘const’
 int PageFaultHandler(u_int_t page_num, const char * phys_mem_filename, page_table_t *page_table, tlb_t *tlb, char ** frames);
                                        ^
memorysystem.h:52:85: error: expected primary-expression before ‘*’ token
 int PageFaultHandler(u_int_t page_num, const char * phys_mem_filename, page_table_t *page_table, tlb_t *tlb, char ** frames);
                                                                                     ^
memorysystem.h:52:86: error: ‘page_table’ was not declared in this scope
 int PageFaultHandler(u_int_t page_num, const char * phys_mem_filename, page_table_t *page_table, tlb_t *tlb, char ** frames);
                                                                                      ^
memorysystem.h:52:104: error: expected primary-expression before ‘*’ token
 int PageFaultHandler(u_int_t page_num, const char * phys_mem_filename, page_table_t *page_table, tlb_t *tlb, char ** frames);
                                                                                                        ^
memorysystem.h:52:105: error: ‘tlb’ was not declared in this scope
 int PageFaultHandler(u_int_t page_num, const char * phys_mem_filename, page_table_t *page_table, tlb_t *tlb, char ** frames);
                                                                                                         ^
memorysystem.h:52:110: error: expected primary-expression before ‘char’
 int PageFaultHandler(u_int_t page_num, const char * phys_mem_filename, page_table_t *page_table, tlb_t *tlb, char ** frames);
                                                                                                              ^
memorysystem.h:52:124: error: expression list treated as compound expression in initializer [-fpermissive]
 int PageFaultHandler(u_int_t page_num, const char * phys_mem_filename, page_table_t *page_table, tlb_t *tlb, char ** frames);
                                                                                                                            ^
memorysystem.cpp: In function ‘int main()’:
memorysystem.cpp:91:3: error: ‘u_int_t’ was not declared in this scope
   u_int_t page_num = ParsePageNum(logic_addr[i]);
   ^
memorysystem.cpp:91:11: error: expected ‘;’ before ‘page_num’
   u_int_t page_num = ParsePageNum(logic_addr[i]);
           ^
memorysystem.cpp:92:11: error: expected ‘;’ before ‘offset’
   u_int_t offset = ParseOffset(logic_addr[i]);
           ^
memorysystem.cpp:96:20: error: ‘page_num’ was not declared in this scope
    SearchPageTable(page_num, *page_table, hit, frames);
                    ^
memorysystem.cpp:96:54: error: ‘SearchPageTable’ cannot be used as a function
    SearchPageTable(page_num, *page_table, hit, frames);
                                                      ^
memorysystem.cpp:99:68: error: ‘PageFaultHandler’ cannot be used as a function
     PageFaultHandler(page_num, DISK_FILE, *page_table, *tlb, frames);
                                                                    ^
memorysystem.cpp: In function ‘int CreatePhysicalMemory(physical_memory_t**)’:
memorysystem.cpp:109:41: error: expected primary-expression before ‘)’ token
  (*physical_memory) = (physical_memory *) malloc(sizeof(physical_memory));
                                         ^
memorysystem.cpp:109:43: error: expected ‘;’ before ‘malloc’
  (*physical_memory) = (physical_memory *) malloc(sizeof(physical_memory));
                                           ^
memorysystem.cpp:117:23: error: ‘struct physical_memory_t’ has no member named ‘list’
   (*physical_memory)->list[i] = (page_t *) malloc(sizeof(page_t));
                       ^
memorysystem.cpp:118:27: error: ‘struct physical_memory_t’ has no member named ‘list’
   if ((*physical_memory)->list[i] == NULL) {
                           ^
memorysystem.cpp:121:23: error: ‘struct physical_memory_t’ has no member named ‘list’
   (*physical_memory)->list[i]->frames = NULL;
                       ^
memorysystem.cpp: At global scope:
memorysystem.cpp:160:15: error: redefinition of ‘int SearchTLB’
 int SearchTLB(u_int_t page_num, tlb_t * tlb, bool *is_tlb_hit, char **frames) {
               ^
In file included from memorysystem.cpp:14:0:
memorysystem.h:48:5: error: ‘int SearchTLB’ previously defined here
 int SearchTLB(u_int_t page_num, tlb_t *tlb, bool *is_tlb_hit, char **frames);
     ^
memorysystem.cpp:160:15: error: ‘u_int_t’ was not declared in this scope
 int SearchTLB(u_int_t page_num, tlb_t * tlb, bool *is_tlb_hit, char **frames) {
               ^
memorysystem.cpp:160:39: error: expected primary-expression before ‘*’ token
 int SearchTLB(u_int_t page_num, tlb_t * tlb, bool *is_tlb_hit, char **frames) {
                                       ^
memorysystem.cpp:160:41: error: ‘tlb’ was not declared in this scope
 int SearchTLB(u_int_t page_num, tlb_t * tlb, bool *is_tlb_hit, char **frames) {
                                         ^
memorysystem.cpp:160:46: error: expected primary-expression before ‘bool’
 int SearchTLB(u_int_t page_num, tlb_t * tlb, bool *is_tlb_hit, char **frames) {
                                              ^
memorysystem.cpp:160:64: error: expected primary-expression before ‘char’
 int SearchTLB(u_int_t page_num, tlb_t * tlb, bool *is_tlb_hit, char **frames) {
                                                                ^
make: *** [memorysystem.o] Error 1
17:19:45 **** Incremental Build of configuration Default for project MemorySystem ****
make all 
g++ -c -g memorysystem.cpp
In file included from memorysystem.cpp:14:0:
memorysystem.h:44:18: error: ‘u_int_t’ was not declared in this scope
 int ParsePageNum(u_int_t logical_addr);
                  ^
memorysystem.h:45:17: error: ‘u_int_t’ was not declared in this scope
 int ParseOffset(u_int_t logical_addr);
                 ^
memorysystem.h:48:15: error: ‘u_int_t’ was not declared in this scope
 int SearchTLB(u_int_t page_num, tlb_t *tlb, bool *is_tlb_hit, char **frames);
               ^
memorysystem.h:48:39: error: expected primary-expression before ‘*’ token
 int SearchTLB(u_int_t page_num, tlb_t *tlb, bool *is_tlb_hit, char **frames);
                                       ^
memorysystem.h:48:40: error: ‘tlb’ was not declared in this scope
 int SearchTLB(u_int_t page_num, tlb_t *tlb, bool *is_tlb_hit, char **frames);
                                        ^
memorysystem.h:48:45: error: expected primary-expression before ‘bool’
 int SearchTLB(u_int_t page_num, tlb_t *tlb, bool *is_tlb_hit, char **frames);
                                             ^
memorysystem.h:48:63: error: expected primary-expression before ‘char’
 int SearchTLB(u_int_t page_num, tlb_t *tlb, bool *is_tlb_hit, char **frames);
                                                               ^
memorysystem.h:48:76: error: expression list treated as compound expression in initializer [-fpermissive]
 int SearchTLB(u_int_t page_num, tlb_t *tlb, bool *is_tlb_hit, char **frames);
                                                                            ^
memorysystem.h:51:21: error: ‘u_int_t’ was not declared in this scope
 int SearchPageTable(u_int_t page_num, page_table_t * page_table, bool *is_page_hit, char **frames);
                     ^
memorysystem.h:51:52: error: expected primary-expression before ‘*’ token
 int SearchPageTable(u_int_t page_num, page_table_t * page_table, bool *is_page_hit, char **frames);
                                                    ^
memorysystem.h:51:54: error: ‘page_table’ was not declared in this scope
 int SearchPageTable(u_int_t page_num, page_table_t * page_table, bool *is_page_hit, char **frames);
                                                      ^
memorysystem.h:51:66: error: expected primary-expression before ‘bool’
 int SearchPageTable(u_int_t page_num, page_table_t * page_table, bool *is_page_hit, char **frames);
                                                                  ^
memorysystem.h:51:85: error: expected primary-expression before ‘char’
 int SearchPageTable(u_int_t page_num, page_table_t * page_table, bool *is_page_hit, char **frames);
                                                                                     ^
memorysystem.h:51:98: error: expression list treated as compound expression in initializer [-fpermissive]
 int SearchPageTable(u_int_t page_num, page_table_t * page_table, bool *is_page_hit, char **frames);
                                                                                                  ^
memorysystem.h:52:22: error: ‘u_int_t’ was not declared in this scope
 int PageFaultHandler(u_int_t page_num, const char * phys_mem_filename, page_table_t *page_table, tlb_t *tlb, char ** frames);
                      ^
memorysystem.h:52:40: error: expected primary-expression before ‘const’
 int PageFaultHandler(u_int_t page_num, const char * phys_mem_filename, page_table_t *page_table, tlb_t *tlb, char ** frames);
                                        ^
memorysystem.h:52:85: error: expected primary-expression before ‘*’ token
 int PageFaultHandler(u_int_t page_num, const char * phys_mem_filename, page_table_t *page_table, tlb_t *tlb, char ** frames);
                                                                                     ^
memorysystem.h:52:86: error: ‘page_table’ was not declared in this scope
 int PageFaultHandler(u_int_t page_num, const char * phys_mem_filename, page_table_t *page_table, tlb_t *tlb, char ** frames);
                                                                                      ^
memorysystem.h:52:104: error: expected primary-expression before ‘*’ token
 int PageFaultHandler(u_int_t page_num, const char * phys_mem_filename, page_table_t *page_table, tlb_t *tlb, char ** frames);
                                                                                                        ^
memorysystem.h:52:105: error: ‘tlb’ was not declared in this scope
 int PageFaultHandler(u_int_t page_num, const char * phys_mem_filename, page_table_t *page_table, tlb_t *tlb, char ** frames);
                                                                                                         ^
memorysystem.h:52:110: error: expected primary-expression before ‘char’
 int PageFaultHandler(u_int_t page_num, const char * phys_mem_filename, page_table_t *page_table, tlb_t *tlb, char ** frames);
                                                                                                              ^
memorysystem.h:52:124: error: expression list treated as compound expression in initializer [-fpermissive]
 int PageFaultHandler(u_int_t page_num, const char * phys_mem_filename, page_table_t *page_table, tlb_t *tlb, char ** frames);
                                                                                                                            ^
memorysystem.cpp: In function ‘int main()’:
memorysystem.cpp:91:44: error: ‘ParsePageNum’ cannot be used as a function
   int page_num = ParsePageNum(logic_addr[i]);
                                            ^
memorysystem.cpp:92:41: error: ‘ParseOffset’ cannot be used as a function
   int offset = ParseOffset(logic_addr[i]);
                                         ^
memorysystem.cpp:96:54: error: ‘SearchPageTable’ cannot be used as a function
    SearchPageTable(page_num, *page_table, hit, frames);
                                                      ^
memorysystem.cpp:99:68: error: ‘PageFaultHandler’ cannot be used as a function
     PageFaultHandler(page_num, DISK_FILE, *page_table, *tlb, frames);
                                                                    ^
memorysystem.cpp: In function ‘int CreatePhysicalMemory(physical_memory_t**)’:
memorysystem.cpp:109:41: error: expected primary-expression before ‘)’ token
  (*physical_memory) = (physical_memory *) malloc(sizeof(physical_memory));
                                         ^
memorysystem.cpp:109:43: error: expected ‘;’ before ‘malloc’
  (*physical_memory) = (physical_memory *) malloc(sizeof(physical_memory));
                                           ^
memorysystem.cpp:117:23: error: ‘struct physical_memory_t’ has no member named ‘list’
   (*physical_memory)->list[i] = (page_t *) malloc(sizeof(page_t));
                       ^
memorysystem.cpp:118:27: error: ‘struct physical_memory_t’ has no member named ‘list’
   if ((*physical_memory)->list[i] == NULL) {
                           ^
memorysystem.cpp:121:23: error: ‘struct physical_memory_t’ has no member named ‘list’
   (*physical_memory)->list[i]->frames = NULL;
                       ^
memorysystem.cpp: At global scope:
memorysystem.cpp:160:15: error: redefinition of ‘int SearchTLB’
 int SearchTLB(u_int_t page_num, tlb_t * tlb, bool *is_tlb_hit, char **frames) {
               ^
In file included from memorysystem.cpp:14:0:
memorysystem.h:48:5: error: ‘int SearchTLB’ previously defined here
 int SearchTLB(u_int_t page_num, tlb_t *tlb, bool *is_tlb_hit, char **frames);
     ^
memorysystem.cpp:160:15: error: ‘u_int_t’ was not declared in this scope
 int SearchTLB(u_int_t page_num, tlb_t * tlb, bool *is_tlb_hit, char **frames) {
               ^
memorysystem.cpp:160:39: error: expected primary-expression before ‘*’ token
 int SearchTLB(u_int_t page_num, tlb_t * tlb, bool *is_tlb_hit, char **frames) {
                                       ^
memorysystem.cpp:160:41: error: ‘tlb’ was not declared in this scope
 int SearchTLB(u_int_t page_num, tlb_t * tlb, bool *is_tlb_hit, char **frames) {
                                         ^
memorysystem.cpp:160:46: error: expected primary-expression before ‘bool’
 int SearchTLB(u_int_t page_num, tlb_t * tlb, bool *is_tlb_hit, char **frames) {
                                              ^
memorysystem.cpp:160:64: error: expected primary-expression before ‘char’
 int SearchTLB(u_int_t page_num, tlb_t * tlb, bool *is_tlb_hit, char **frames) {
                                                                ^
make: *** [memorysystem.o] Error 1
17:20:05 **** Incremental Build of configuration Default for project MemorySystem ****
make all 
g++ -c -g memorysystem.cpp
In file included from memorysystem.cpp:14:0:
memorysystem.h:44:18: error: ‘u_int_t’ was not declared in this scope
 int ParsePageNum(u_int_t logical_addr);
                  ^
memorysystem.h:45:17: error: ‘u_int_t’ was not declared in this scope
 int ParseOffset(u_int_t logical_addr);
                 ^
memorysystem.h:48:15: error: ‘u_int_t’ was not declared in this scope
 int SearchTLB(u_int_t page_num, tlb_t *tlb, bool *is_tlb_hit, char **frames);
               ^
memorysystem.h:48:39: error: expected primary-expression before ‘*’ token
 int SearchTLB(u_int_t page_num, tlb_t *tlb, bool *is_tlb_hit, char **frames);
                                       ^
memorysystem.h:48:40: error: ‘tlb’ was not declared in this scope
 int SearchTLB(u_int_t page_num, tlb_t *tlb, bool *is_tlb_hit, char **frames);
                                        ^
memorysystem.h:48:45: error: expected primary-expression before ‘bool’
 int SearchTLB(u_int_t page_num, tlb_t *tlb, bool *is_tlb_hit, char **frames);
                                             ^
memorysystem.h:48:63: error: expected primary-expression before ‘char’
 int SearchTLB(u_int_t page_num, tlb_t *tlb, bool *is_tlb_hit, char **frames);
                                                               ^
memorysystem.h:48:76: error: expression list treated as compound expression in initializer [-fpermissive]
 int SearchTLB(u_int_t page_num, tlb_t *tlb, bool *is_tlb_hit, char **frames);
                                                                            ^
memorysystem.h:51:21: error: ‘u_int_t’ was not declared in this scope
 int SearchPageTable(u_int_t page_num, page_table_t * page_table, bool *is_page_hit, char **frames);
                     ^
memorysystem.h:51:52: error: expected primary-expression before ‘*’ token
 int SearchPageTable(u_int_t page_num, page_table_t * page_table, bool *is_page_hit, char **frames);
                                                    ^
memorysystem.h:51:54: error: ‘page_table’ was not declared in this scope
 int SearchPageTable(u_int_t page_num, page_table_t * page_table, bool *is_page_hit, char **frames);
                                                      ^
memorysystem.h:51:66: error: expected primary-expression before ‘bool’
 int SearchPageTable(u_int_t page_num, page_table_t * page_table, bool *is_page_hit, char **frames);
                                                                  ^
memorysystem.h:51:85: error: expected primary-expression before ‘char’
 int SearchPageTable(u_int_t page_num, page_table_t * page_table, bool *is_page_hit, char **frames);
                                                                                     ^
memorysystem.h:51:98: error: expression list treated as compound expression in initializer [-fpermissive]
 int SearchPageTable(u_int_t page_num, page_table_t * page_table, bool *is_page_hit, char **frames);
                                                                                                  ^
memorysystem.h:52:22: error: ‘u_int_t’ was not declared in this scope
 int PageFaultHandler(u_int_t page_num, const char * phys_mem_filename, page_table_t *page_table, tlb_t *tlb, char ** frames);
                      ^
memorysystem.h:52:40: error: expected primary-expression before ‘const’
 int PageFaultHandler(u_int_t page_num, const char * phys_mem_filename, page_table_t *page_table, tlb_t *tlb, char ** frames);
                                        ^
memorysystem.h:52:85: error: expected primary-expression before ‘*’ token
 int PageFaultHandler(u_int_t page_num, const char * phys_mem_filename, page_table_t *page_table, tlb_t *tlb, char ** frames);
                                                                                     ^
memorysystem.h:52:86: error: ‘page_table’ was not declared in this scope
 int PageFaultHandler(u_int_t page_num, const char * phys_mem_filename, page_table_t *page_table, tlb_t *tlb, char ** frames);
                                                                                      ^
memorysystem.h:52:104: error: expected primary-expression before ‘*’ token
 int PageFaultHandler(u_int_t page_num, const char * phys_mem_filename, page_table_t *page_table, tlb_t *tlb, char ** frames);
                                                                                                        ^
memorysystem.h:52:105: error: ‘tlb’ was not declared in this scope
 int PageFaultHandler(u_int_t page_num, const char * phys_mem_filename, page_table_t *page_table, tlb_t *tlb, char ** frames);
                                                                                                         ^
memorysystem.h:52:110: error: expected primary-expression before ‘char’
 int PageFaultHandler(u_int_t page_num, const char * phys_mem_filename, page_table_t *page_table, tlb_t *tlb, char ** frames);
                                                                                                              ^
memorysystem.h:52:124: error: expression list treated as compound expression in initializer [-fpermissive]
 int PageFaultHandler(u_int_t page_num, const char * phys_mem_filename, page_table_t *page_table, tlb_t *tlb, char ** frames);
                                                                                                                            ^
memorysystem.cpp: In function ‘int main()’:
memorysystem.cpp:91:44: error: ‘ParsePageNum’ cannot be used as a function
   int page_num = ParsePageNum(logic_addr[i]);
                                            ^
memorysystem.cpp:92:41: error: ‘ParseOffset’ cannot be used as a function
   int offset = ParseOffset(logic_addr[i]);
                                         ^
memorysystem.cpp:96:54: error: ‘SearchPageTable’ cannot be used as a function
    SearchPageTable(page_num, *page_table, hit, frames);
                                                      ^
memorysystem.cpp:99:68: error: ‘PageFaultHandler’ cannot be used as a function
     PageFaultHandler(page_num, DISK_FILE, *page_table, *tlb, frames);
                                                                    ^
memorysystem.cpp: In function ‘int CreatePhysicalMemory(physical_memory_t**)’:
memorysystem.cpp:109:41: error: expected primary-expression before ‘)’ token
  (*physical_memory) = (physical_memory *) malloc(sizeof(physical_memory));
                                         ^
memorysystem.cpp:109:43: error: expected ‘;’ before ‘malloc’
  (*physical_memory) = (physical_memory *) malloc(sizeof(physical_memory));
                                           ^
memorysystem.cpp:117:23: error: ‘struct physical_memory_t’ has no member named ‘list’
   (*physical_memory)->list[i] = (page_t *) malloc(sizeof(page_t));
                       ^
memorysystem.cpp:118:27: error: ‘struct physical_memory_t’ has no member named ‘list’
   if ((*physical_memory)->list[i] == NULL) {
                           ^
memorysystem.cpp:121:23: error: ‘struct physical_memory_t’ has no member named ‘list’
   (*physical_memory)->list[i]->frames = NULL;
                       ^
memorysystem.cpp: At global scope:
memorysystem.cpp:160:15: error: redefinition of ‘int SearchTLB’
 int SearchTLB(u_int_t page_num, tlb_t * tlb, bool *is_tlb_hit, char **frames) {
               ^
In file included from memorysystem.cpp:14:0:
memorysystem.h:48:5: error: ‘int SearchTLB’ previously defined here
 int SearchTLB(u_int_t page_num, tlb_t *tlb, bool *is_tlb_hit, char **frames);
     ^
memorysystem.cpp:160:15: error: ‘u_int_t’ was not declared in this scope
 int SearchTLB(u_int_t page_num, tlb_t * tlb, bool *is_tlb_hit, char **frames) {
               ^
memorysystem.cpp:160:39: error: expected primary-expression before ‘*’ token
 int SearchTLB(u_int_t page_num, tlb_t * tlb, bool *is_tlb_hit, char **frames) {
                                       ^
memorysystem.cpp:160:41: error: ‘tlb’ was not declared in this scope
 int SearchTLB(u_int_t page_num, tlb_t * tlb, bool *is_tlb_hit, char **frames) {
                                         ^
memorysystem.cpp:160:46: error: expected primary-expression before ‘bool’
 int SearchTLB(u_int_t page_num, tlb_t * tlb, bool *is_tlb_hit, char **frames) {
                                              ^
memorysystem.cpp:160:64: error: expected primary-expression before ‘char’
 int SearchTLB(u_int_t page_num, tlb_t * tlb, bool *is_tlb_hit, char **frames) {
                                                                ^
make: *** [memorysystem.o] Error 1
18:29:41 **** Incremental Build of configuration Default for project MemorySystem ****
make all 
g++ -c -g memorysystem.cpp
memorysystem.cpp: In function ‘int CreatePhysicalMemory(physical_memory_t**)’:
memorysystem.cpp:109:41: error: expected primary-expression before ‘)’ token
  (*physical_memory) = (physical_memory *) malloc(sizeof(physical_memory));
                                         ^
memorysystem.cpp:109:43: error: expected ‘;’ before ‘malloc’
  (*physical_memory) = (physical_memory *) malloc(sizeof(physical_memory));
                                           ^
memorysystem.cpp:117:23: error: ‘struct physical_memory_t’ has no member named ‘list’
   (*physical_memory)->list[i] = (page_t *) malloc(sizeof(page_t));
                       ^
memorysystem.cpp:117:34: error: ‘page_t’ was not declared in this scope
   (*physical_memory)->list[i] = (page_t *) malloc(sizeof(page_t));
                                  ^
memorysystem.cpp:117:42: error: expected primary-expression before ‘)’ token
   (*physical_memory)->list[i] = (page_t *) malloc(sizeof(page_t));
                                          ^
memorysystem.cpp:117:44: error: expected ‘;’ before ‘malloc’
   (*physical_memory)->list[i] = (page_t *) malloc(sizeof(page_t));
                                            ^
memorysystem.cpp:118:27: error: ‘struct physical_memory_t’ has no member named ‘list’
   if ((*physical_memory)->list[i] == NULL) {
                           ^
memorysystem.cpp:121:23: error: ‘struct physical_memory_t’ has no member named ‘list’
   (*physical_memory)->list[i]->frames = NULL;
                       ^
memorysystem.cpp: At global scope:
memorysystem.cpp:160:15: error: ‘int SearchTLB’ redeclared as different kind of symbol
 int SearchTLB(u_int_t page_num, tlb_t * tlb, bool *is_tlb_hit, char **frames) {
               ^
In file included from memorysystem.cpp:14:0:
memorysystem.h:45:5: error: previous declaration of ‘int SearchTLB(int, tlb_t*, bool*, char**)’
 int SearchTLB(int page_num, tlb_t *tlb, bool *is_tlb_hit, char **frames);
     ^
memorysystem.cpp:160:15: error: ‘u_int_t’ was not declared in this scope
 int SearchTLB(u_int_t page_num, tlb_t * tlb, bool *is_tlb_hit, char **frames) {
               ^
memorysystem.cpp:160:39: error: expected primary-expression before ‘*’ token
 int SearchTLB(u_int_t page_num, tlb_t * tlb, bool *is_tlb_hit, char **frames) {
                                       ^
memorysystem.cpp:160:41: error: ‘tlb’ was not declared in this scope
 int SearchTLB(u_int_t page_num, tlb_t * tlb, bool *is_tlb_hit, char **frames) {
                                         ^
memorysystem.cpp:160:46: error: expected primary-expression before ‘bool’
 int SearchTLB(u_int_t page_num, tlb_t * tlb, bool *is_tlb_hit, char **frames) {
                                              ^
memorysystem.cpp:160:64: error: expected primary-expression before ‘char’
 int SearchTLB(u_int_t page_num, tlb_t * tlb, bool *is_tlb_hit, char **frames) {
                                                                ^
make: *** [memorysystem.o] Error 1
18:32:22 **** Incremental Build of configuration Default for project MemorySystem ****
make all 
g++ -c -g memorysystem.cpp
memorysystem.cpp: In function ‘int CreatePhysicalMemory(physical_memory_t**)’:
memorysystem.cpp:109:41: error: expected primary-expression before ‘)’ token
  (*physical_memory) = (physical_memory *) malloc(sizeof(physical_memory));
                                         ^
memorysystem.cpp:109:43: error: expected ‘;’ before ‘malloc’
  (*physical_memory) = (physical_memory *) malloc(sizeof(physical_memory));
                                           ^
memorysystem.cpp:117:23: error: ‘struct physical_memory_t’ has no member named ‘list’
   (*physical_memory)->list[i] = (page_t *) malloc(sizeof(page_t));
                       ^
memorysystem.cpp:117:34: error: ‘page_t’ was not declared in this scope
   (*physical_memory)->list[i] = (page_t *) malloc(sizeof(page_t));
                                  ^
memorysystem.cpp:117:42: error: expected primary-expression before ‘)’ token
   (*physical_memory)->list[i] = (page_t *) malloc(sizeof(page_t));
                                          ^
memorysystem.cpp:117:44: error: expected ‘;’ before ‘malloc’
   (*physical_memory)->list[i] = (page_t *) malloc(sizeof(page_t));
                                            ^
memorysystem.cpp:118:27: error: ‘struct physical_memory_t’ has no member named ‘list’
   if ((*physical_memory)->list[i] == NULL) {
                           ^
memorysystem.cpp:121:23: error: ‘struct physical_memory_t’ has no member named ‘list’
   (*physical_memory)->list[i]->frames = NULL;
                       ^
memorysystem.cpp: In function ‘int SearchTLB(int, tlb_t*, bool*, char**)’:
memorysystem.cpp:166:29: error: ‘struct tlb_entry_t’ has no member named ‘frames’
     *frames = tlb->list[i]->frames;
                             ^
memorysystem.cpp: In function ‘int CreatePageTable(page_table_t**)’:
memorysystem.cpp:192:18: error: ‘struct page_table_t’ has no member named ‘list’
   (*page_table)->list[i] = 0;
                  ^
memorysystem.cpp: In function ‘int SearchPageTable(int, page_table_t*, bool*, char**)’:
memorysystem.cpp:216:46: error: invalid conversion from ‘int’ to ‘char*’ [-fpermissive]
  *frames = page_table->page_to_frame[page_num];
                                              ^
memorysystem.cpp: At global scope:
memorysystem.cpp:232:22: error: ‘int PageFaultHandler’ redeclared as different kind of symbol
 int PageFaultHandler(u_int_t page_num, const char * phys_mem_filename,
                      ^
In file included from memorysystem.cpp:14:0:
memorysystem.h:49:5: error: previous declaration of ‘int PageFaultHandler(int, const char*, page_table_t*, tlb_t*, char**)’
 int PageFaultHandler(int page_num, const char * phys_mem_filename, page_table_t *page_table, tlb_t *tlb, char ** frames);
     ^
memorysystem.cpp:232:22: error: ‘u_int_t’ was not declared in this scope
 int PageFaultHandler(u_int_t page_num, const char * phys_mem_filename,
                      ^
memorysystem.cpp:232:40: error: expected primary-expression before ‘const’
 int PageFaultHandler(u_int_t page_num, const char * phys_mem_filename,
                                        ^
memorysystem.cpp:233:16: error: expected primary-expression before ‘*’ token
   page_table_t *page_table, tlb_t *tlb, char ** frames) {
                ^
memorysystem.cpp:233:17: error: ‘page_table’ was not declared in this scope
   page_table_t *page_table, tlb_t *tlb, char ** frames) {
                 ^
memorysystem.cpp:233:35: error: expected primary-expression before ‘*’ token
   page_table_t *page_table, tlb_t *tlb, char ** frames) {
                                   ^
memorysystem.cpp:233:36: error: ‘tlb’ was not declared in this scope
   page_table_t *page_table, tlb_t *tlb, char ** frames) {
                                    ^
memorysystem.cpp:233:41: error: expected primary-expression before ‘char’
   page_table_t *page_table, tlb_t *tlb, char ** frames) {
                                         ^
make: *** [memorysystem.o] Error 1
18:52:33 **** Incremental Build of configuration Default for project MemorySystem ****
make all 
g++ -c -g memorysystem.cpp
memorysystem.cpp: In function ‘int main()’:
memorysystem.cpp:99:68: error: invalid conversion from ‘const char*’ to ‘int’ [-fpermissive]
     PageFaultHandler(page_num, DISK_FILE, *page_table, *tlb, frames);
                                                                    ^
memorysystem.cpp:99:68: error: cannot convert ‘page_table_t*’ to ‘const char*’ for argument ‘3’ to ‘int PageFaultHandler(int, int, const char*, page_table_t*, tlb_t*)’
memorysystem.cpp: In function ‘int CreatePhysicalMemory(physical_memory_t**)’:
memorysystem.cpp:117:23: error: ‘struct physical_memory_t’ has no member named ‘list’
   (*physical_memory)->list[i] = (char *) malloc(sizeof(char *));
                       ^
memorysystem.cpp:118:27: error: ‘struct physical_memory_t’ has no member named ‘list’
   if ((*physical_memory)->list[i] == NULL) {
                           ^
memorysystem.cpp: In function ‘int SearchTLB(int, int, tlb_t*, bool*)’:
memorysystem.cpp:165:6: error: ‘frames’ was not declared in this scope
     *frames = tlb->list[i]->frames;
      ^
memorysystem.cpp:165:29: error: ‘struct tlb_entry_t’ has no member named ‘frames’
     *frames = tlb->list[i]->frames;
                             ^
memorysystem.cpp:170:3: error: ‘frames’ was not declared in this scope
  *frames = NULL;
   ^
memorysystem.cpp: In function ‘int PageFaultHandler(int, int, const char*, page_table_t*, tlb_t*)’:
memorysystem.cpp:234:2: error: ‘page_t’ was not declared in this scope
  page_t * new_page = (page_t *) malloc(sizeof(page_t));
  ^
memorysystem.cpp:234:11: error: ‘new_page’ was not declared in this scope
  page_t * new_page = (page_t *) malloc(sizeof(page_t));
           ^
memorysystem.cpp:234:31: error: expected primary-expression before ‘)’ token
  page_t * new_page = (page_t *) malloc(sizeof(page_t));
                               ^
memorysystem.cpp:234:33: error: expected ‘;’ before ‘malloc’
  page_t * new_page = (page_t *) malloc(sizeof(page_t));
                                 ^
memorysystem.cpp:259:14: error: ‘struct page_table_t’ has no member named ‘list’
  page_table->list[page_num] = new_page;
              ^
memorysystem.cpp:261:3: error: ‘frames’ was not declared in this scope
  *frames = page_table->list[page_num]->frames;
   ^
memorysystem.cpp:261:24: error: ‘struct page_table_t’ has no member named ‘list’
  *frames = page_table->list[page_num]->frames;
                        ^
make: *** [memorysystem.o] Error 1
19:04:39 **** Incremental Build of configuration Default for project MemorySystem ****
make all 
g++ -c -g memorysystem.cpp
memorysystem.cpp: In function ‘int main()’:
memorysystem.cpp:106:75: error: invalid conversion from ‘physical_memory_t*’ to ‘int’ [-fpermissive]
     PageFaultHandler(page_num, *physical_memory, *page_table, *tlb, frames);
                                                                           ^
memorysystem.cpp:106:75: error: cannot convert ‘page_table_t*’ to ‘const char*’ for argument ‘3’ to ‘int PageFaultHandler(int, int, const char*, page_table_t*, tlb_t*)’
memorysystem.cpp: In function ‘int CreatePhysicalMemory(physical_memory_t**)’:
memorysystem.cpp:124:23: error: ‘struct physical_memory_t’ has no member named ‘list’
   (*physical_memory)->list[i] = (char *) malloc(sizeof(char *));
                       ^
memorysystem.cpp:125:27: error: ‘struct physical_memory_t’ has no member named ‘list’
   if ((*physical_memory)->list[i] == NULL) {
                           ^
memorysystem.cpp: In function ‘int SearchTLB(int, int, tlb_t*, bool*)’:
memorysystem.cpp:172:6: error: ‘frames’ was not declared in this scope
     *frames = tlb->list[i]->frames;
      ^
memorysystem.cpp:172:29: error: ‘struct tlb_entry_t’ has no member named ‘frames’
     *frames = tlb->list[i]->frames;
                             ^
memorysystem.cpp:177:3: error: ‘frames’ was not declared in this scope
  *frames = NULL;
   ^
memorysystem.cpp: In function ‘int PageFaultHandler(int, int, physical_memory_t*, page_table_t*, tlb_t*)’:
memorysystem.cpp:260:40: error: expected primary-expression before ‘;’ token
  page_table->page_to_frame[page_num] = ;
                                        ^
memorysystem.cpp:262:3: error: ‘frames’ was not declared in this scope
  *frames = page_table->list[page_num]->frames;
   ^
memorysystem.cpp:262:24: error: ‘struct page_table_t’ has no member named ‘list’
  *frames = page_table->list[page_num]->frames;
                        ^
make: *** [memorysystem.o] Error 1
19:05:33 **** Incremental Build of configuration Default for project MemorySystem ****
make all 
g++ -c -g memorysystem.cpp
memorysystem.cpp: In function ‘int main()’:
memorysystem.cpp:106:75: error: invalid conversion from ‘physical_memory_t*’ to ‘int’ [-fpermissive]
     PageFaultHandler(page_num, *physical_memory, *page_table, *tlb, frames);
                                                                           ^
memorysystem.cpp:106:75: error: cannot convert ‘page_table_t*’ to ‘physical_memory_t*’ for argument ‘3’ to ‘int PageFaultHandler(int, int, physical_memory_t*, page_table_t*, tlb_t*)’
memorysystem.cpp: In function ‘int CreatePhysicalMemory(physical_memory_t**)’:
memorysystem.cpp:124:23: error: ‘struct physical_memory_t’ has no member named ‘list’
   (*physical_memory)->list[i] = (char *) malloc(sizeof(char *));
                       ^
memorysystem.cpp:125:27: error: ‘struct physical_memory_t’ has no member named ‘list’
   if ((*physical_memory)->list[i] == NULL) {
                           ^
memorysystem.cpp: In function ‘int SearchTLB(int, int, tlb_t*, bool*)’:
memorysystem.cpp:172:6: error: ‘frames’ was not declared in this scope
     *frames = tlb->list[i]->frames;
      ^
memorysystem.cpp:172:29: error: ‘struct tlb_entry_t’ has no member named ‘frames’
     *frames = tlb->list[i]->frames;
                             ^
memorysystem.cpp:177:3: error: ‘frames’ was not declared in this scope
  *frames = NULL;
   ^
memorysystem.cpp: In function ‘int PageFaultHandler(int, int, physical_memory_t*, page_table_t*, tlb_t*)’:
memorysystem.cpp:260:40: error: expected primary-expression before ‘;’ token
  page_table->page_to_frame[page_num] = ;
                                        ^
memorysystem.cpp:262:3: error: ‘frames’ was not declared in this scope
  *frames = page_table->list[page_num]->frames;
   ^
memorysystem.cpp:262:24: error: ‘struct page_table_t’ has no member named ‘list’
  *frames = page_table->list[page_num]->frames;
                        ^
make: *** [memorysystem.o] Error 1
19:05:40 **** Incremental Build of configuration Default for project MemorySystem ****
make all 
g++ -c -g memorysystem.cpp
memorysystem.cpp: In function ‘int main()’:
memorysystem.cpp:106:75: error: invalid conversion from ‘physical_memory_t*’ to ‘int’ [-fpermissive]
     PageFaultHandler(page_num, *physical_memory, *page_table, *tlb, frames);
                                                                           ^
memorysystem.cpp:106:75: error: cannot convert ‘page_table_t*’ to ‘physical_memory_t*’ for argument ‘3’ to ‘int PageFaultHandler(int, int, physical_memory_t*, page_table_t*, tlb_t*)’
memorysystem.cpp: In function ‘int CreatePhysicalMemory(physical_memory_t**)’:
memorysystem.cpp:124:23: error: ‘struct physical_memory_t’ has no member named ‘list’
   (*physical_memory)->list[i] = (char *) malloc(sizeof(char *));
                       ^
memorysystem.cpp:125:27: error: ‘struct physical_memory_t’ has no member named ‘list’
   if ((*physical_memory)->list[i] == NULL) {
                           ^
memorysystem.cpp: In function ‘int SearchTLB(int, int, tlb_t*, bool*)’:
memorysystem.cpp:172:6: error: ‘frames’ was not declared in this scope
     *frames = tlb->list[i]->frames;
      ^
memorysystem.cpp:172:29: error: ‘struct tlb_entry_t’ has no member named ‘frames’
     *frames = tlb->list[i]->frames;
                             ^
memorysystem.cpp:177:3: error: ‘frames’ was not declared in this scope
  *frames = NULL;
   ^
memorysystem.cpp: In function ‘int PageFaultHandler(int, int, physical_memory_t*, page_table_t*, tlb_t*)’:
memorysystem.cpp:260:40: error: expected primary-expression before ‘;’ token
  page_table->page_to_frame[page_num] = ;
                                        ^
memorysystem.cpp:262:3: error: ‘frames’ was not declared in this scope
  *frames = page_table->list[page_num]->frames;
   ^
memorysystem.cpp:262:24: error: ‘struct page_table_t’ has no member named ‘list’
  *frames = page_table->list[page_num]->frames;
                        ^
make: *** [memorysystem.o] Error 1
19:09:05 **** Incremental Build of configuration Default for project MemorySystem ****
make all 
g++ -c -g memorysystem.cpp
memorysystem.cpp: In function ‘int main()’:
memorysystem.cpp:105:61: error: too many arguments to function ‘int SearchPageTable(int, int*, page_table_t*, bool*)’
    SearchPageTable(page_num, frame, *page_table, hit, frames);
                                                             ^
In file included from memorysystem.cpp:14:0:
memorysystem.h:48:5: note: declared here
 int SearchPageTable(int page_num, int *frame_num, page_table_t * page_table, bool *is_page_hit);
     ^
memorysystem.cpp:108:32: error: expected primary-expression before ‘int’
     PageFaultHandler(page_num, int frame *physical_memory, *page_table, *tlb, frames);
                                ^
memorysystem.cpp: In function ‘int CreatePhysicalMemory(physical_memory_t**)’:
memorysystem.cpp:126:23: error: ‘struct physical_memory_t’ has no member named ‘list’
   (*physical_memory)->list[i] = (char *) malloc(sizeof(char *));
                       ^
memorysystem.cpp:127:27: error: ‘struct physical_memory_t’ has no member named ‘list’
   if ((*physical_memory)->list[i] == NULL) {
                           ^
memorysystem.cpp: In function ‘int SearchTLB(int, int, tlb_t*, bool*)’:
memorysystem.cpp:174:6: error: ‘frames’ was not declared in this scope
     *frames = tlb->list[i]->frames;
      ^
memorysystem.cpp:174:29: error: ‘struct tlb_entry_t’ has no member named ‘frames’
     *frames = tlb->list[i]->frames;
                             ^
memorysystem.cpp:179:3: error: ‘frames’ was not declared in this scope
  *frames = NULL;
   ^
memorysystem.cpp: In function ‘int PageFaultHandler(int, int, physical_memory_t*, page_table_t*, tlb_t*)’:
memorysystem.cpp:262:40: error: expected primary-expression before ‘;’ token
  page_table->page_to_frame[page_num] = ;
                                        ^
memorysystem.cpp:264:3: error: ‘frames’ was not declared in this scope
  *frames = page_table->list[page_num]->frames;
   ^
memorysystem.cpp:264:24: error: ‘struct page_table_t’ has no member named ‘list’
  *frames = page_table->list[page_num]->frames;
                        ^
make: *** [memorysystem.o] Error 1
19:13:07 **** Incremental Build of configuration Default for project MemorySystem ****
make all 
g++ -c -g memorysystem.cpp
memorysystem.cpp: In function ‘int CreatePhysicalMemory(physical_memory_t**)’:
memorysystem.cpp:125:23: error: ‘struct physical_memory_t’ has no member named ‘list’
   (*physical_memory)->list[i] = (char *) malloc(sizeof(char *));
                       ^
memorysystem.cpp:126:27: error: ‘struct physical_memory_t’ has no member named ‘list’
   if ((*physical_memory)->list[i] == NULL) {
                           ^
memorysystem.cpp: In function ‘int SearchTLB(int, int, tlb_t*, bool*)’:
memorysystem.cpp:173:6: error: ‘frames’ was not declared in this scope
     *frames = tlb->list[i]->frames;
      ^
memorysystem.cpp:173:29: error: ‘struct tlb_entry_t’ has no member named ‘frames’
     *frames = tlb->list[i]->frames;
                             ^
memorysystem.cpp:178:3: error: ‘frames’ was not declared in this scope
  *frames = NULL;
   ^
memorysystem.cpp: In function ‘int PageFaultHandler(int, int, physical_memory_t*, page_table_t*, tlb_t*)’:
memorysystem.cpp:261:40: error: expected primary-expression before ‘;’ token
  page_table->page_to_frame[page_num] = ;
                                        ^
memorysystem.cpp:263:3: error: ‘frames’ was not declared in this scope
  *frames = page_table->list[page_num]->frames;
   ^
memorysystem.cpp:263:24: error: ‘struct page_table_t’ has no member named ‘list’
  *frames = page_table->list[page_num]->frames;
                        ^
make: *** [memorysystem.o] Error 1
19:15:20 **** Incremental Build of configuration Default for project MemorySystem ****
make all 
g++ -c -g memorysystem.cpp
memorysystem.cpp: In function ‘int CreatePhysicalMemory(physical_memory_t**)’:
memorysystem.cpp:125:23: error: ‘struct physical_memory_t’ has no member named ‘list’
   (*physical_memory)->list[i] = (char *) malloc(sizeof(char *));
                       ^
memorysystem.cpp:126:27: error: ‘struct physical_memory_t’ has no member named ‘list’
   if ((*physical_memory)->list[i] == NULL) {
                           ^
memorysystem.cpp: In function ‘int SearchTLB(int, int*, tlb_t*, bool*)’:
memorysystem.cpp:173:6: error: ‘frame’ was not declared in this scope
     *frame = tlb->list[i]->frame_num;
      ^
memorysystem.cpp:178:3: error: ‘frames’ was not declared in this scope
  *frames = NULL;
   ^
memorysystem.cpp: In function ‘int PageFaultHandler(int, int, physical_memory_t*, page_table_t*, tlb_t*)’:
memorysystem.cpp:261:40: error: expected primary-expression before ‘;’ token
  page_table->page_to_frame[page_num] = ;
                                        ^
memorysystem.cpp:263:3: error: ‘frames’ was not declared in this scope
  *frames = page_table->list[page_num]->frames;
   ^
memorysystem.cpp:263:24: error: ‘struct page_table_t’ has no member named ‘list’
  *frames = page_table->list[page_num]->frames;
                        ^
make: *** [memorysystem.o] Error 1
19:16:03 **** Incremental Build of configuration Default for project MemorySystem ****
make all 
g++ -c -g memorysystem.cpp
memorysystem.cpp: In function ‘int CreatePhysicalMemory(physical_memory_t**)’:
memorysystem.cpp:125:23: error: ‘struct physical_memory_t’ has no member named ‘list’
   (*physical_memory)->list[i] = (char *) malloc(sizeof(char *));
                       ^
memorysystem.cpp:126:27: error: ‘struct physical_memory_t’ has no member named ‘list’
   if ((*physical_memory)->list[i] == NULL) {
                           ^
memorysystem.cpp: In function ‘int SearchTLB(int, int*, tlb_t*, bool*)’:
memorysystem.cpp:173:6: error: ‘frame’ was not declared in this scope
     *frame = tlb->list[i]->frame_num;
      ^
memorysystem.cpp:179:3: error: ‘frame’ was not declared in this scope
  *frame = 0;
   ^
memorysystem.cpp: In function ‘int PageFaultHandler(int, int, physical_memory_t*, page_table_t*, tlb_t*)’:
memorysystem.cpp:262:40: error: expected primary-expression before ‘;’ token
  page_table->page_to_frame[page_num] = ;
                                        ^
memorysystem.cpp:264:3: error: ‘frames’ was not declared in this scope
  *frames = page_table->list[page_num]->frames;
   ^
memorysystem.cpp:264:24: error: ‘struct page_table_t’ has no member named ‘list’
  *frames = page_table->list[page_num]->frames;
                        ^
make: *** [memorysystem.o] Error 1
19:16:25 **** Incremental Build of configuration Default for project MemorySystem ****
make all 
g++ -c -g memorysystem.cpp
memorysystem.cpp: In function ‘int CreatePhysicalMemory(physical_memory_t**)’:
memorysystem.cpp:125:23: error: ‘struct physical_memory_t’ has no member named ‘list’
   (*physical_memory)->list[i] = (char *) malloc(sizeof(char *));
                       ^
memorysystem.cpp:126:27: error: ‘struct physical_memory_t’ has no member named ‘list’
   if ((*physical_memory)->list[i] == NULL) {
                           ^
memorysystem.cpp: In function ‘int PageFaultHandler(int, int, physical_memory_t*, page_table_t*, tlb_t*)’:
memorysystem.cpp:262:40: error: expected primary-expression before ‘;’ token
  page_table->page_to_frame[page_num] = ;
                                        ^
memorysystem.cpp:264:3: error: ‘frames’ was not declared in this scope
  *frames = page_table->list[page_num]->frames;
   ^
memorysystem.cpp:264:24: error: ‘struct page_table_t’ has no member named ‘list’
  *frames = page_table->list[page_num]->frames;
                        ^
make: *** [memorysystem.o] Error 1
19:27:34 **** Incremental Build of configuration Default for project MemorySystem ****
make all 
g++ -c -g memorysystem.cpp
memorysystem.cpp: In function ‘int CreatePhysicalMemory(physical_memory_t**)’:
memorysystem.cpp:125:23: error: ‘struct physical_memory_t’ has no member named ‘list’
   (*physical_memory)->list[i] = (char *) malloc(sizeof(char *));
                       ^
memorysystem.cpp:126:27: error: ‘struct physical_memory_t’ has no member named ‘list’
   if ((*physical_memory)->list[i] == NULL) {
                           ^
make: *** [memorysystem.o] Error 1
19:32:39 **** Incremental Build of configuration Default for project MemorySystem ****
make all 
g++ -c -g memorysystem.cpp
g++ -g -o Debug/MemorySystem memorysystem.o
19:33:13 **** Incremental Build of configuration Default for project MemorySystem ****
make all 
g++ -g -o Debug/MemorySystem memorysystem.o
19:33:17 **** Incremental Build of configuration Default for project MemorySystem ****
make all 
g++ -g -o Debug/MemorySystem memorysystem.o
19:34:56 **** Incremental Build of configuration Default for project MemorySystem ****
make all 
g++ -c -g memorysystem.cpp
g++ -g -o Debug/MemorySystem memorysystem.o
19:35:11 **** Incremental Build of configuration Default for project MemorySystem ****
make all 
g++ -c -g memorysystem.cpp
g++ -g -o Debug/MemorySystem memorysystem.o
